2024-12-24 20:58:48,632 [INFO] Activator:176 - 


2024-12-24 20:58:48,633 [INFO] Activator:177 - !SESSION log4j initialized
2024-12-24 20:58:50,315 [INFO] LogOutputStream:77 - [STDOUT_REDIRECT] 
2024-12-24 20:58:51,942 [INFO] ApplicationProperties:184 - Using Application install path: /opt/st/stm32cubeide_1.16.1/plugins/com.st.stm32cube.common.mx_6.13.0.202411220809
2024-12-24 20:58:51,953 [INFO] DbMcusXml:78 - Set database path to: /opt/st/stm32cubeide_1.16.1/plugins/com.st.stm32cube.common.mx_6.13.0.202411220809//db//mcu/
2024-12-24 20:58:51,953 [INFO] ApiDb:274 - Set plugin database path to: /opt/st/stm32cubeide_1.16.1/plugins/com.st.stm32cube.common.mx_6.13.0.202411220809//db//plugins/boardmanager/
2024-12-24 20:58:51,953 [WARN] ApiDb:259 - Overriding images path with different value:  => /opt/st/stm32cubeide_1.16.1/plugins/com.st.stm32cube.common.mx_6.13.0.202411220809//db//plugins/mcufinder/images/
2024-12-24 20:58:51,956 [INFO] ApiDb:250 - Set database path to: /home/carver/.stmcufinder/plugins/mcufinder//mcu/
2024-12-24 20:58:51,957 [INFO] DbMcusAds:125 - Set database path to: /home/carver/.stmcufinder/plugins/mcufinder//mcu/
2024-12-24 20:58:51,958 [INFO] CrossReferenceDbSqlite:203 - Set database path to: /home/carver/.stmcufinder/plugins/mcufinder//mcu/cs/
2024-12-24 20:58:52,056 [INFO] RulesReader:64 - Compatibility file has been processed (297 Rules)
2024-12-24 20:58:52,099 [INFO] DbMcusXml:78 - Set database path to: /opt/st/stm32cubeide_1.16.1/plugins/com.st.stm32cube.common.mx_6.13.0.202411220809//db//mcu/
2024-12-24 20:58:52,099 [INFO] ApiDb:274 - Set plugin database path to: /opt/st/stm32cubeide_1.16.1/plugins/com.st.stm32cube.common.mx_6.13.0.202411220809//db//plugins/boardmanager/
2024-12-24 20:58:52,100 [INFO] ApiDb:261 - Set plugin images path to: /opt/st/stm32cubeide_1.16.1/plugins/com.st.stm32cube.common.mx_6.13.0.202411220809//db//plugins/mcufinder/images/
2024-12-24 20:58:52,100 [WARN] DbFile:41 - Overriding database path with different value: /home/carver/.stmcufinder/plugins/mcufinder/ => /home/carver/.stmcufinder/plugins/mcufinder
2024-12-24 20:58:52,100 [INFO] ApiDb:250 - Set database path to: /home/carver/.stmcufinder/plugins/mcufinder//mcu/
2024-12-24 20:58:52,100 [WARN] DbFile:41 - Overriding database path with different value: /home/carver/.stmcufinder/plugins/mcufinder/ => /home/carver/.stmcufinder/plugins/mcufinder
2024-12-24 20:58:52,100 [INFO] DbMcusAds:125 - Set database path to: /home/carver/.stmcufinder/plugins/mcufinder//mcu/
2024-12-24 20:58:52,100 [WARN] DbFile:41 - Overriding database path with different value: /home/carver/.stmcufinder/plugins/mcufinder/ => /home/carver/.stmcufinder/plugins/mcufinder
2024-12-24 20:58:52,100 [WARN] DbFile:41 - Overriding database path with different value: /home/carver/.stmcufinder/plugins/mcufinder/ => /home/carver/.stmcufinder/plugins/mcufinder
2024-12-24 20:58:52,100 [INFO] CrossReferenceDbSqlite:203 - Set database path to: /home/carver/.stmcufinder/plugins/mcufinder//mcu/cs/
2024-12-24 20:58:52,147 [INFO] MainPanel:272 - HeapMemory: 268435456
2024-12-24 20:58:52,222 [INFO] DbMcusXml:78 - Set database path to: /opt/st/stm32cubeide_1.16.1/plugins/com.st.stm32cube.common.mx_6.13.0.202411220809//db//mcu/
2024-12-24 20:58:52,223 [INFO] ApiDb:274 - Set plugin database path to: /opt/st/stm32cubeide_1.16.1/plugins/com.st.stm32cube.common.mx_6.13.0.202411220809//db//plugins/boardmanager/
2024-12-24 20:58:52,223 [INFO] ApiDb:261 - Set plugin images path to: /opt/st/stm32cubeide_1.16.1/plugins/com.st.stm32cube.common.mx_6.13.0.202411220809//db//plugins/mcufinder/images/
2024-12-24 20:58:52,223 [WARN] DbFile:41 - Overriding database path with different value: /home/carver/.stmcufinder/plugins/mcufinder/ => /home/carver/.stmcufinder/plugins/mcufinder
2024-12-24 20:58:52,223 [INFO] ApiDb:250 - Set database path to: /home/carver/.stmcufinder/plugins/mcufinder//mcu/
2024-12-24 20:58:52,223 [WARN] DbFile:41 - Overriding database path with different value: /home/carver/.stmcufinder/plugins/mcufinder/ => /home/carver/.stmcufinder/plugins/mcufinder
2024-12-24 20:58:52,223 [INFO] DbMcusAds:125 - Set database path to: /home/carver/.stmcufinder/plugins/mcufinder//mcu/
2024-12-24 20:58:52,223 [WARN] DbFile:41 - Overriding database path with different value: /home/carver/.stmcufinder/plugins/mcufinder/ => /home/carver/.stmcufinder/plugins/mcufinder
2024-12-24 20:58:52,223 [WARN] DbFile:41 - Overriding database path with different value: /home/carver/.stmcufinder/plugins/mcufinder/ => /home/carver/.stmcufinder/plugins/mcufinder
2024-12-24 20:58:52,223 [INFO] CrossReferenceDbSqlite:203 - Set database path to: /home/carver/.stmcufinder/plugins/mcufinder//mcu/cs/
2024-12-24 20:58:52,234 [INFO] ApplicationProperties:184 - Using Application install path: /opt/st/stm32cubeide_1.16.1/plugins/com.st.stm32cube.common.mx_6.13.0.202411220809
2024-12-24 20:58:52,235 [INFO] PluginManage:196 - Search for loadable plugins [exclusion list=, ]
2024-12-24 20:58:52,235 [INFO] PluginManage:310 - Check plugin analytics
2024-12-24 20:58:52,340 [INFO] AnalyticsPlugin:253 - Accepted Software Licenses: 
2024-12-24 20:58:52,340 [INFO] AnalyticsPlugin:255 - Accepted CMSIS Pack Licenses: 
2024-12-24 20:58:52,340 [INFO] AnalyticsPlugin:257 - Accepted Firmware Licenses: FW.H7.1.11.0,FW.G4.1.6.0
2024-12-24 20:58:52,342 [INFO] PluginManage:359 - Loaded plugin analytics (category:tool,tabindex:-1)
2024-12-24 20:58:52,342 [INFO] PluginManage:310 - Check plugin cadmodel
2024-12-24 20:58:52,344 [INFO] CADModel:105 - Init CAD model plugin
2024-12-24 20:58:52,345 [INFO] PluginManage:359 - Loaded plugin cadmodel (category:power,tabindex:5)
2024-12-24 20:58:52,345 [INFO] PluginManage:310 - Check plugin clock
2024-12-24 20:58:52,351 [INFO] PluginManage:359 - Loaded plugin clock (category:base,tabindex:2)
2024-12-24 20:58:52,351 [INFO] PluginManage:310 - Check plugin ddr
2024-12-24 20:58:52,352 [INFO] PluginManage:359 - Loaded plugin ddr (category:tool,tabindex:6)
2024-12-24 20:58:52,352 [INFO] PluginManage:310 - Check plugin filemanager
2024-12-24 20:58:52,454 [INFO] PluginManage:359 - Loaded plugin filemanager (category:base,tabindex:10)
2024-12-24 20:58:52,454 [INFO] PluginManage:310 - Check plugin ipmanager
2024-12-24 20:58:52,458 [INFO] PluginManage:359 - Loaded plugin ipmanager (category:base,tabindex:5)
2024-12-24 20:58:52,458 [INFO] PluginManage:310 - Check plugin lpbam
2024-12-24 20:58:52,464 [INFO] PluginManage:359 - Loaded plugin lpbam (category:base,tabindex:0)
2024-12-24 20:58:52,464 [INFO] PluginManage:310 - Check plugin memorymap
2024-12-24 20:58:52,482 [INFO] PluginManage:359 - Loaded plugin memorymap (category:base,tabindex:4)
2024-12-24 20:58:52,482 [INFO] PluginManage:310 - Check plugin pinoutandconfiguration
2024-12-24 20:58:52,488 [INFO] PluginManage:359 - Loaded plugin pinoutandconfiguration (category:base,tabindex:1)
2024-12-24 20:58:52,488 [INFO] PluginManage:310 - Check plugin pinoutconfig
2024-12-24 20:58:52,574 [WARN] SupportedApi:132 - Cannot load RTOS API schema: s4s-elt-must-match.1: The content of 'definitions' must match (annotation?, (simpleType | complexType)?, (unique | key | keyref)*)). A problem was found starting at: attribute.
2024-12-24 20:58:52,653 [INFO] PluginManage:359 - Loaded plugin pinoutconfig (category:base,tabindex:0)
2024-12-24 20:58:52,653 [INFO] PluginManage:310 - Check plugin power
2024-12-24 20:58:52,658 [INFO] PluginManage:359 - Loaded plugin power (category:power,tabindex:4)
2024-12-24 20:58:52,658 [INFO] PluginManage:310 - Check plugin projectmanager
2024-12-24 20:58:52,668 [INFO] PluginManage:359 - Loaded plugin projectmanager (category:projectmanager,tabindex:4)
2024-12-24 20:58:52,668 [INFO] PluginManage:310 - Check plugin rif
2024-12-24 20:58:52,672 [INFO] PluginManage:359 - Loaded plugin rif (category:base,tabindex:3)
2024-12-24 20:58:52,672 [INFO] PluginManage:310 - Check plugin thirdparty
2024-12-24 20:58:52,748 [INFO] PluginManage:359 - Loaded plugin thirdparty (category:base,tabindex:-1)
2024-12-24 20:58:52,748 [WARN] IntegrityCheckThread:84 - waiting for thirdparty lock release [integrity check]
2024-12-24 20:58:52,748 [INFO] PluginManage:310 - Check plugin tools
2024-12-24 20:58:52,748 [INFO] IntegrityCheckThread:86 - entering critical section [integrity check]
2024-12-24 20:58:52,749 [INFO] ThirdPartyUpdaterWithRetryManager:70 - Updater plugin not ready yet. [1/15]
2024-12-24 20:58:52,750 [INFO] PluginManage:359 - Loaded plugin tools (category:base,tabindex:7)
2024-12-24 20:58:52,750 [INFO] PluginManage:310 - Check plugin tutovideos
2024-12-24 20:58:52,845 [INFO] PluginManage:359 - Loaded plugin tutovideos (category:base,tabindex:-1)
2024-12-24 20:58:52,845 [INFO] PluginManage:310 - Check plugin updater
2024-12-24 20:58:52,861 [INFO] PluginManage:359 - Loaded plugin updater (category:base,tabindex:12)
2024-12-24 20:58:52,862 [INFO] PluginManage:310 - Check plugin userauth
2024-12-24 20:58:52,864 [INFO] UserAuth:118 - Init User Auth plugin
2024-12-24 20:58:52,864 [INFO] PluginManage:359 - Loaded plugin userauth (category:base,tabindex:14)
2024-12-24 20:58:52,865 [INFO] PluginManage:283 - PluginManage : Loaded plugins [18]
2024-12-24 20:58:52,976 [INFO] PinOutPanel:1589 - setPackage(No Configuration,No Configuration)
2024-12-24 20:58:53,018 [INFO] CADModel:165 - CPN selected for project level
2024-12-24 20:58:53,018 [INFO] CADModel:114 - Register for checkConnection events
2024-12-24 20:58:53,025 [INFO] IPUIPlugin:80 - create IPUIPlugin
2024-12-24 20:58:53,025 [INFO] PluginManager:220 - loadIPPluginJar : add aes
2024-12-24 20:58:53,026 [INFO] IPUIPlugin:80 - create IPUIPlugin
2024-12-24 20:58:53,026 [INFO] PluginManager:220 - loadIPPluginJar : add can
2024-12-24 20:58:53,030 [INFO] IPUIPlugin:80 - create IPUIPlugin
2024-12-24 20:58:53,030 [INFO] PluginManager:220 - loadIPPluginJar : add stm32_wpan
2024-12-24 20:58:53,031 [INFO] IPUIPlugin:80 - create IPUIPlugin
2024-12-24 20:58:53,031 [INFO] PluginManager:220 - loadIPPluginJar : add sai
2024-12-24 20:58:53,032 [INFO] IPUIPlugin:80 - create IPUIPlugin
2024-12-24 20:58:53,032 [INFO] PluginManager:220 - loadIPPluginJar : add ddr_ctrl_phy
2024-12-24 20:58:53,033 [INFO] IPUIPlugin:80 - create IPUIPlugin
2024-12-24 20:58:53,034 [INFO] PluginManager:220 - loadIPPluginJar : add lorawan
2024-12-24 20:58:53,036 [INFO] IPUIPlugin:80 - create IPUIPlugin
2024-12-24 20:58:53,037 [INFO] PluginManager:220 - loadIPPluginJar : add mdma
2024-12-24 20:58:53,038 [INFO] IPUIPlugin:80 - create IPUIPlugin
2024-12-24 20:58:53,038 [INFO] PluginManager:220 - loadIPPluginJar : add gfxmmu
2024-12-24 20:58:53,042 [INFO] IPUIPlugin:80 - create IPUIPlugin
2024-12-24 20:58:53,042 [INFO] PluginManager:220 - loadIPPluginJar : add dma
2024-12-24 20:58:53,043 [INFO] IPUIPlugin:80 - create IPUIPlugin
2024-12-24 20:58:53,044 [INFO] PluginManager:220 - loadIPPluginJar : add extmemmanager
2024-12-24 20:58:53,046 [INFO] IPUIPlugin:80 - create IPUIPlugin
2024-12-24 20:58:53,046 [INFO] PluginManager:220 - loadIPPluginJar : add freertos
2024-12-24 20:58:53,047 [INFO] IPUIPlugin:80 - create IPUIPlugin
2024-12-24 20:58:53,048 [INFO] PluginManager:220 - loadIPPluginJar : add radio
2024-12-24 20:58:53,048 [INFO] IPUIPlugin:80 - create IPUIPlugin
2024-12-24 20:58:53,048 [INFO] PluginManager:220 - loadIPPluginJar : add fatfs
2024-12-24 20:58:53,049 [INFO] IPUIPlugin:80 - create IPUIPlugin
2024-12-24 20:58:53,049 [INFO] PluginManager:220 - loadIPPluginJar : add openamp
2024-12-24 20:58:53,050 [INFO] IPUIPlugin:80 - create IPUIPlugin
2024-12-24 20:58:53,050 [INFO] PluginManager:220 - loadIPPluginJar : add tsc
2024-12-24 20:58:53,051 [INFO] IPUIPlugin:80 - create IPUIPlugin
2024-12-24 20:58:53,051 [INFO] PluginManager:220 - loadIPPluginJar : add cryp
2024-12-24 20:58:53,052 [INFO] IPUIPlugin:80 - create IPUIPlugin
2024-12-24 20:58:53,052 [INFO] PluginManager:220 - loadIPPluginJar : add usart
2024-12-24 20:58:53,053 [INFO] IPUIPlugin:80 - create IPUIPlugin
2024-12-24 20:58:53,053 [INFO] PluginManager:220 - loadIPPluginJar : add i2c
2024-12-24 20:58:53,056 [INFO] IPUIPlugin:80 - create IPUIPlugin
2024-12-24 20:58:53,056 [INFO] PluginManager:220 - loadIPPluginJar : add adc
2024-12-24 20:58:53,057 [INFO] IPUIPlugin:80 - create IPUIPlugin
2024-12-24 20:58:53,057 [INFO] PluginManager:220 - loadIPPluginJar : add tim
2024-12-24 20:58:53,059 [INFO] IPUIPlugin:80 - create IPUIPlugin
2024-12-24 20:58:53,059 [INFO] PluginManager:220 - loadIPPluginJar : add usbx
2024-12-24 20:58:53,060 [INFO] IPUIPlugin:80 - create IPUIPlugin
2024-12-24 20:58:53,060 [INFO] PluginManager:220 - loadIPPluginJar : add ts
2024-12-24 20:58:53,063 [INFO] IPUIPlugin:80 - create IPUIPlugin
2024-12-24 20:58:53,063 [INFO] PluginManager:220 - loadIPPluginJar : add linkedlist
2024-12-24 20:58:53,065 [INFO] IPUIPlugin:80 - create IPUIPlugin
2024-12-24 20:58:53,065 [INFO] PluginManager:220 - loadIPPluginJar : add resmgrutility
2024-12-24 20:58:53,067 [INFO] IPUIPlugin:80 - create IPUIPlugin
2024-12-24 20:58:53,069 [INFO] PluginManager:220 - loadIPPluginJar : add plateformsettings
2024-12-24 20:58:53,070 [INFO] IPUIPlugin:80 - create IPUIPlugin
2024-12-24 20:58:53,070 [INFO] PluginManager:220 - loadIPPluginJar : add i3c
2024-12-24 20:58:53,071 [INFO] IPUIPlugin:80 - create IPUIPlugin
2024-12-24 20:58:53,071 [INFO] PluginManager:220 - loadIPPluginJar : add ltdc
2024-12-24 20:58:53,073 [INFO] IPUIPlugin:80 - create IPUIPlugin
2024-12-24 20:58:53,073 [INFO] PluginManager:220 - loadIPPluginJar : add dma3
2024-12-24 20:58:53,074 [INFO] IPUIPlugin:80 - create IPUIPlugin
2024-12-24 20:58:53,074 [INFO] PluginManager:220 - loadIPPluginJar : add tracer_emb
2024-12-24 20:58:53,076 [INFO] IPUIPlugin:80 - create IPUIPlugin
2024-12-24 20:58:53,076 [INFO] PluginManager:220 - loadIPPluginJar : add hash
2024-12-24 20:58:53,079 [INFO] IPUIPlugin:80 - create IPUIPlugin
2024-12-24 20:58:53,079 [INFO] PluginManager:220 - loadIPPluginJar : add gpio
2024-12-24 20:58:53,080 [INFO] IPUIPlugin:80 - create IPUIPlugin
2024-12-24 20:58:53,081 [INFO] PluginManager:220 - loadIPPluginJar : add touchsensing
2024-12-24 20:58:53,082 [INFO] IPUIPlugin:80 - create IPUIPlugin
2024-12-24 20:58:53,082 [INFO] PluginManager:220 - loadIPPluginJar : add gtzc
2024-12-24 20:58:53,083 [INFO] IPUIPlugin:80 - create IPUIPlugin
2024-12-24 20:58:53,083 [INFO] PluginManager:220 - loadIPPluginJar : add pdm2pcm
2024-12-24 20:58:53,086 [INFO] IPUIPlugin:80 - create IPUIPlugin
2024-12-24 20:58:53,086 [INFO] PluginManager:220 - loadIPPluginJar : add gic
2024-12-24 20:58:53,088 [INFO] IPUIPlugin:80 - create IPUIPlugin
2024-12-24 20:58:53,088 [INFO] PluginManager:220 - loadIPPluginJar : add fmc
2024-12-24 20:58:53,089 [INFO] IPUIPlugin:80 - create IPUIPlugin
2024-12-24 20:58:53,089 [INFO] PluginManager:220 - loadIPPluginJar : add comp
2024-12-24 20:58:53,092 [INFO] IPUIPlugin:80 - create IPUIPlugin
2024-12-24 20:58:53,092 [INFO] PluginManager:220 - loadIPPluginJar : add ipddr
2024-12-24 20:58:53,094 [INFO] IPUIPlugin:80 - create IPUIPlugin
2024-12-24 20:58:53,094 [INFO] PluginManager:220 - loadIPPluginJar : add i2s
2024-12-24 20:58:53,095 [INFO] IPUIPlugin:80 - create IPUIPlugin
2024-12-24 20:58:53,095 [INFO] PluginManager:220 - loadIPPluginJar : add spi
2024-12-24 20:58:53,096 [INFO] IPUIPlugin:80 - create IPUIPlugin
2024-12-24 20:58:53,096 [INFO] PluginManager:220 - loadIPPluginJar : add ucpd
2024-12-24 20:58:53,098 [INFO] IPUIPlugin:80 - create IPUIPlugin
2024-12-24 20:58:53,098 [INFO] PluginManager:220 - loadIPPluginJar : add dfsdm
2024-12-24 20:58:53,100 [INFO] IPUIPlugin:80 - create IPUIPlugin
2024-12-24 20:58:53,100 [INFO] PluginManager:220 - loadIPPluginJar : add opamp
2024-12-24 20:58:53,102 [INFO] IPUIPlugin:80 - create IPUIPlugin
2024-12-24 20:58:53,102 [INFO] PluginManager:220 - loadIPPluginJar : add nvic
2024-12-24 20:58:53,103 [INFO] IPUIPlugin:80 - create IPUIPlugin
2024-12-24 20:58:53,103 [INFO] PluginManager:220 - loadIPPluginJar : add quadspi
2024-12-24 20:58:53,104 [INFO] IPUIPlugin:80 - create IPUIPlugin
2024-12-24 20:58:53,104 [INFO] PluginManager:220 - loadIPPluginJar : add genericplugin
2024-12-24 20:58:53,201 [FATAL] Updater:351 - Updater called before beeing initialized
2024-12-24 20:58:53,223 [INFO] RulesReader:64 - Compatibility file has been processed (297 Rules)
2024-12-24 20:58:53,234 [INFO] RulesReader:64 - Compatibility file has been processed (297 Rules)
2024-12-24 20:58:53,243 [INFO] CADModel:165 - CPN selected for project level
2024-12-24 20:58:53,243 [INFO] CADModel:114 - Register for checkConnection events
2024-12-24 20:58:53,243 [FATAL] Updater:351 - Updater called before beeing initialized
2024-12-24 20:58:53,243 [ERROR] CADModel:125 - Updater not yet initialized, retry later 
2024-12-24 20:58:53,341 [FATAL] Updater:351 - Updater called before beeing initialized
2024-12-24 20:58:53,342 [INFO] CADModel:165 - CPN selected for project level
2024-12-24 20:58:53,342 [INFO] CADModel:114 - Register for checkConnection events
2024-12-24 20:58:53,342 [FATAL] Updater:351 - Updater called before beeing initialized
2024-12-24 20:58:53,342 [ERROR] CADModel:125 - Updater not yet initialized, retry later 
2024-12-24 20:58:53,345 [FATAL] Updater:351 - Updater called before beeing initialized
2024-12-24 20:58:53,404 [FATAL] Updater:351 - Updater called before beeing initialized
2024-12-24 20:58:53,408 [INFO] DbMcusAds:53 - JSON generation date=Thu Sep 30 13:55:09 ICT 2021 (1632984909247)
2024-12-24 20:58:53,408 [FATAL] Updater:351 - Updater called before beeing initialized
2024-12-24 20:58:53,436 [WARN] DetailPanel:346 - Failed to get advertising image, set to default
2024-12-24 20:58:53,625 [FATAL] Updater:351 - Updater called before beeing initialized
2024-12-24 20:58:53,626 [FATAL] Updater:351 - Updater called before beeing initialized
2024-12-24 20:58:53,626 [FATAL] Updater:351 - Updater called before beeing initialized
2024-12-24 20:58:53,626 [WARN] DetailPanel:346 - Failed to get advertising image, set to default
2024-12-24 20:58:53,627 [FATAL] Updater:351 - Updater called before beeing initialized
2024-12-24 20:58:53,654 [ERROR] Updater:1198 - MainUpdater not yet initialized. External WinMGr cannot be set.
2024-12-24 20:58:53,655 [INFO] Updater:1134 - Updater Version found : 6.13.0
2024-12-24 20:58:53,666 [INFO] ApplicationProperties:184 - Using Application install path: /opt/st/stm32cubeide_1.16.1/plugins/com.st.stm32cube.common.mx_6.13.0.202411220809
2024-12-24 20:58:54,011 [INFO] MainUpdater:2872 - connection check result : 10
2024-12-24 20:58:54,012 [INFO] MainUpdater:289 - Updater Check For Update Now.
2024-12-24 20:58:54,012 [INFO] MicroXplorer:498 - Change Database Version : DB.6.0.130
2024-12-24 20:58:54,014 [INFO] McuFinderGlobals:63 - Set McuFinder mode to 2 (CubeIDE integrated)
2024-12-24 20:58:54,015 [INFO] UserAuth:486 - Internet connection configuration mode: 1
2024-12-24 20:58:54,023 [INFO] JxBrowserEngine:152 - Initiate JxBrowser Engine with user profile folder
2024-12-24 20:58:54,180 [INFO] CheckServerUpdateThread:120 - End of CheckServer Thread
2024-12-24 20:58:54,442 [INFO] WebApp:168 - Instantiating new browser for Auth
2024-12-24 20:58:54,881 [INFO] WebApp:449 - Apply proxy settings
2024-12-24 20:58:54,881 [INFO] WebApp:534 - Chromium requires no authentication
2024-12-24 20:58:54,885 [INFO] WebApp:477 - Direct internet connection detected
2024-12-24 20:58:54,896 [INFO] WebApp:880 - Register for checkConnection events
2024-12-24 20:58:54,896 [INFO] WebApp:449 - Apply proxy settings
2024-12-24 20:58:54,897 [INFO] WebApp:534 - Chromium requires no authentication
2024-12-24 20:58:54,897 [INFO] WebApp:477 - Direct internet connection detected
2024-12-24 20:58:54,994 [INFO] WebApp:221 - Starting web application
2024-12-24 20:58:54,994 [INFO] WebApp:579 - Web application path used /opt/st/stm32cubeide_1.16.1/plugins/com.st.stm32cube.common.mx_6.13.0.202411220809/db/plugins/mcufinder/reactClient1/index.html
2024-12-24 20:58:55,054 [INFO] UserAuth:486 - Internet connection configuration mode: 1
2024-12-24 20:58:55,165 [INFO] WebApp:187 - Connection restablished
2024-12-24 20:58:55,813 [WARN] PackLoader:240 - Cannot read IP mode file for STMicroelectronics.FP-SNS-MOTENVWB1.1.4.0
2024-12-24 20:58:55,817 [WARN] PackLoader:240 - Cannot read IP mode file for STMicroelectronics.FP-ATR-ASTRA1.2.0.1
2024-12-24 20:58:55,822 [WARN] PackLoader:240 - Cannot read IP mode file for STMicroelectronics.X-CUBE-SMBUS.2.1.0
2024-12-24 20:58:55,827 [WARN] PackLoader:240 - Cannot read IP mode file for STMicroelectronics.X-CUBE-WB05N.1.1.0
2024-12-24 20:58:55,851 [WARN] PackLoader:240 - Cannot read IP mode file for STMicroelectronics.X-CUBE-AZRTOS-F7.1.1.0
2024-12-24 20:58:55,911 [WARN] PackLoader:240 - Cannot read IP mode file for STMicroelectronics.X-CUBE-MEMS1.11.0.0
2024-12-24 20:58:56,046 [WARN] PackLoader:240 - Cannot read IP mode file for STMicroelectronics.FP-SNS-FLIGHT1.5.0.2
2024-12-24 20:58:56,050 [WARN] PackLoader:240 - Cannot read IP mode file for STMicroelectronics.X-CUBE-DISPLAY.3.0.0
2024-12-24 20:58:56,056 [WARN] PackLoader:240 - Cannot read IP mode file for STMicroelectronics.X-CUBE-BLE1.7.0.0
2024-12-24 20:58:56,061 [WARN] PackLoader:240 - Cannot read IP mode file for STMicroelectronics.X-CUBE-NFC10.1.0.0
2024-12-24 20:58:56,068 [WARN] PackLoader:240 - Cannot read IP mode file for STMicroelectronics.X-CUBE-BLEMGR.4.0.0
2024-12-24 20:58:56,072 [WARN] PackLoader:240 - Cannot read IP mode file for emotas.I-CUBE-CANOPEN.1.3.0
2024-12-24 20:58:56,078 [WARN] PackLoader:240 - Cannot read IP mode file for STMicroelectronics.X-CUBE-BLEMGR.3.1.0
2024-12-24 20:58:56,081 [WARN] PackLoader:240 - Cannot read IP mode file for STMicroelectronics.FP-SNS-SMARTAG2.1.2.0
2024-12-24 20:58:56,111 [WARN] PackLoader:240 - Cannot read IP mode file for STMicroelectronics.X-CUBE-MEMS1.11.1.0
2024-12-24 20:58:56,238 [INFO] LogOutputStream:77 - [STDOUT_REDIRECT] 1 : Invalid condition id : UX_CORESTACK_Condition cause : null
2024-12-24 20:58:56,239 [INFO] LogOutputStream:77 - [STDOUT_REDIRECT] 1 : Invalid condition id : UX_CORESTACK_Condition cause : null
2024-12-24 20:58:56,239 [INFO] LogOutputStream:77 - [STDOUT_REDIRECT] 1 : Invalid condition id : UX_CORESTACK_Condition cause : null
2024-12-24 20:58:56,240 [INFO] LogOutputStream:77 - [STDOUT_REDIRECT] 1 : Invalid condition id : UX_CORESTACK_Condition cause : null
2024-12-24 20:58:56,240 [INFO] LogOutputStream:77 - [STDOUT_REDIRECT] 1 : Invalid condition id : UX_CORESTACK_Condition cause : null
2024-12-24 20:58:56,243 [WARN] PackLoader:240 - Cannot read IP mode file for STMicroelectronics.X-CUBE-AZRTOS-WL.2.0.0
2024-12-24 20:58:56,264 [WARN] PackLoader:240 - Cannot read IP mode file for STMicroelectronics.FP-SNS-MOTENV1.5.0.0
2024-12-24 20:58:56,268 [WARN] PackLoader:240 - Cannot read IP mode file for wolfSSL.I-CUBE-wolfMQTT.1.19.0
2024-12-24 20:58:56,273 [WARN] PackLoader:240 - Cannot read IP mode file for WES.I-CUBE-Cesium.1.3.0
2024-12-24 20:58:56,277 [WARN] PackLoader:240 - Cannot read IP mode file for STMicroelectronics.X-CUBE-BLE2.3.3.0
2024-12-24 20:58:56,283 [WARN] PackLoader:240 - Cannot read IP mode file for STMicroelectronics.X-CUBE-NFC9.1.0.0
2024-12-24 20:58:56,289 [WARN] PackLoader:240 - Cannot read IP mode file for STMicroelectronics.X-CUBE-TCPP.4.1.0
2024-12-24 20:58:56,306 [WARN] PackLoader:240 - Cannot read IP mode file for STMicroelectronics.X-CUBE-AZRTOS-G0.1.1.0
2024-12-24 20:58:56,311 [WARN] PackLoader:240 - Cannot read IP mode file for STMicroelectronics.X-CUBE-SAFEA1.1.2.2
2024-12-24 20:58:56,313 [WARN] PackLoader:240 - Cannot read IP mode file for STMicroelectronics.X-CUBE-NFC4.3.0.0
2024-12-24 20:58:56,317 [WARN] PackLoader:240 - Cannot read IP mode file for EmbeddedOffice.I-CUBE-FS-RTOS.1.0.1
2024-12-24 20:58:56,321 [WARN] PackLoader:240 - Cannot read IP mode file for STMicroelectronics.X-CUBE-TCPP.4.2.0
2024-12-24 20:58:56,324 [WARN] PackLoader:240 - Cannot read IP mode file for RealThread.X-CUBE-RT-Thread_Nano.4.1.1
2024-12-24 20:58:56,326 [WARN] PackLoader:240 - Cannot read IP mode file for STMicroelectronics.FP-ATR-SIGFOX1.3.2.0
2024-12-24 20:58:56,327 [WARN] PackLoader:240 - Cannot read IP mode file for wolfSSL.I-CUBE-wolfSSL.5.7.2
2024-12-24 20:58:56,329 [WARN] ConditionMgr:438 - getConditionDescription Invalid condition id : Cortex-A Device cause : null
2024-12-24 20:58:56,335 [WARN] ConditionMgr:1044 - genDependencies : Invalid condition id : Cortex-A Device cause : null
2024-12-24 20:58:56,335 [WARN] ConditionMgr:1044 - genDependencies : Invalid condition id : Cortex-A Device cause : null
2024-12-24 20:58:56,335 [WARN] ConditionMgr:1044 - genDependencies : Invalid condition id : Cortex-A Device cause : null
2024-12-24 20:58:56,338 [WARN] PackLoader:240 - Cannot read IP mode file for STMicroelectronics.X-CUBE-EEPRMA1.5.1.0
2024-12-24 20:58:56,342 [WARN] PackLoader:240 - Cannot read IP mode file for ITTIA_DB.I-CUBE-ITTIADB.8.9.0
2024-12-24 20:58:56,356 [WARN] PackLoader:240 - Cannot read IP mode file for SEGGER.I-CUBE-embOS.1.3.1
2024-12-24 20:58:56,383 [WARN] PackLoader:240 - Cannot read IP mode file for STMicroelectronics.X-CUBE-ALGOBUILD.1.4.0
2024-12-24 20:58:56,385 [WARN] PackLoader:240 - Cannot read IP mode file for STMicroelectronics.X-CUBE-AI.9.1.0
2024-12-24 20:58:56,392 [WARN] PackLoader:240 - Cannot read IP mode file for STMicroelectronics.X-CUBE-AZRTOS-F4.1.1.0
2024-12-24 20:58:56,395 [WARN] PackLoader:240 - Cannot read IP mode file for STMicroelectronics.X-CUBE-ISPU.2.1.0
2024-12-24 20:58:56,397 [WARN] PackLoader:240 - Cannot read IP mode file for STMicroelectronics.X-CUBE-FREERTOS.1.2.0
2024-12-24 20:58:56,405 [WARN] PackLoader:240 - Cannot read IP mode file for STMicroelectronics.X-CUBE-AZRTOS-L5.2.0.0
2024-12-24 20:58:56,409 [WARN] PackLoader:240 - Cannot read IP mode file for STMicroelectronics.X-CUBE-NFC6.3.1.0
2024-12-24 20:58:56,412 [WARN] PackLoader:240 - Cannot read IP mode file for STMicroelectronics.X-CUBE-DPower.1.2.0
2024-12-24 20:58:56,414 [WARN] PackLoader:240 - Cannot read IP mode file for STMicroelectronics.X-CUBE-AI.9.0.0
2024-12-24 20:58:56,416 [WARN] PackLoader:240 - Cannot read IP mode file for STMicroelectronics.X-CUBE-FREERTOS.1.3.0
2024-12-24 20:58:56,418 [WARN] PackLoader:240 - Cannot read IP mode file for STMicroelectronics.X-CUBE-NFC7.1.0.1
2024-12-24 20:58:56,427 [WARN] ConditionMgr:438 - getConditionDescription Invalid condition id : LAN8742 Phy interface Condition cause : null
2024-12-24 20:58:56,428 [WARN] PackLoader:240 - Cannot read IP mode file for STMicroelectronics.X-CUBE-AZRTOS-L4.2.0.0
2024-12-24 20:58:56,429 [WARN] ConditionMgr:1044 - genDependencies : Invalid condition id : LAN8742 Phy interface Condition cause : null
2024-12-24 20:58:56,429 [WARN] ConditionMgr:1044 - genDependencies : Invalid condition id : LAN8742 Phy interface Condition cause : null
2024-12-24 20:58:56,429 [WARN] ConditionMgr:1044 - genDependencies : Invalid condition id : LAN8742 Phy interface Condition cause : null
2024-12-24 20:58:56,432 [WARN] PackLoader:240 - Cannot read IP mode file for STMicroelectronics.X-CUBE-SFXS2LP1.4.0.0
2024-12-24 20:58:56,443 [WARN] PackLoader:240 - Cannot read IP mode file for STMicroelectronics.X-CUBE-AZRTOS-H7.3.3.0
2024-12-24 20:58:56,449 [WARN] PackLoader:240 - Cannot read IP mode file for STMicroelectronics.X-CUBE-IPS.3.0.0
2024-12-24 20:58:56,458 [WARN] ConditionMgr:438 - getConditionDescription Invalid condition id : UX DEVICE CLASS RTOS Condition cause : null
2024-12-24 20:58:56,459 [WARN] ConditionMgr:438 - getConditionDescription Invalid condition id : UX DEVICE CLASS RTOS Condition cause : null
2024-12-24 20:58:56,460 [WARN] PackLoader:240 - Cannot read IP mode file for STMicroelectronics.X-CUBE-AZRTOS-WB.2.0.0
2024-12-24 20:58:56,460 [WARN] ConditionMgr:1044 - genDependencies : Invalid condition id : UX DEVICE CLASS RTOS Condition cause : null
2024-12-24 20:58:56,460 [WARN] ConditionMgr:1044 - genDependencies : Invalid condition id : UX DEVICE CLASS RTOS Condition cause : null
2024-12-24 20:58:56,460 [WARN] ConditionMgr:1044 - genDependencies : Invalid condition id : UX DEVICE CLASS RTOS Condition cause : null
2024-12-24 20:58:56,460 [WARN] ConditionMgr:1044 - genDependencies : Invalid condition id : UX DEVICE CLASS RTOS Condition cause : null
2024-12-24 20:58:56,460 [WARN] ConditionMgr:1044 - genDependencies : Invalid condition id : UX DEVICE CLASS RTOS Condition cause : null
2024-12-24 20:58:56,463 [WARN] PackLoader:240 - Cannot read IP mode file for STMicroelectronics.X-CUBE-GNSS1.7.0.0
2024-12-24 20:58:56,465 [WARN] PackLoader:240 - Cannot read IP mode file for STMicroelectronics.X-CUBE-GNSS1.7.0.1
2024-12-24 20:58:56,468 [WARN] PackLoader:240 - Cannot read IP mode file for STMicroelectronics.FP-SNS-STBOX1.2.0.0
2024-12-24 20:58:56,475 [WARN] PackLoader:240 - Cannot read IP mode file for STMicroelectronics.X-CUBE-SUBG2.5.0.0
2024-12-24 20:58:56,479 [WARN] PackLoader:240 - Cannot read IP mode file for Cesanta.I-CUBE-Mongoose.7.13.0
2024-12-24 20:58:56,484 [WARN] PackLoader:240 - Cannot read IP mode file for STMicroelectronics.X-CUBE-AZRTOS-G4.2.0.0
2024-12-24 20:58:56,487 [WARN] PackLoader:240 - Cannot read IP mode file for STMicroelectronics.X-CUBE-ALS.1.0.2
2024-12-24 20:58:56,490 [WARN] PackLoader:240 - Cannot read IP mode file for STMicroelectronics.X-CUBE-TOUCHGFX.4.24.1
2024-12-24 20:58:56,493 [WARN] PackLoader:240 - Cannot read IP mode file for wolfSSL.I-CUBE-wolfTPM.3.4.0
2024-12-24 20:58:56,495 [WARN] PackLoader:240 - Cannot read IP mode file for portGmbH.I-Cube-SoM-uGOAL.1.1.0
2024-12-24 20:58:56,504 [WARN] PackLoader:240 - Cannot read IP mode file for STMicroelectronics.X-CUBE-AZRTOS-H7RS.1.0.0
2024-12-24 20:58:56,507 [WARN] PackLoader:240 - Cannot read IP mode file for STMicroelectronics.FP-ATR-ASTRA1.2.0.0
2024-12-24 20:58:56,516 [WARN] PackLoader:240 - Cannot read IP mode file for STMicroelectronics.X-CUBE-TOF1.3.4.2
2024-12-24 20:58:56,530 [WARN] PackLoader:240 - Cannot read IP mode file for Infineon.AIROC-Wi-Fi-Bluetooth-STM32.1.6.1
2024-12-24 20:58:56,534 [WARN] PackLoader:240 - Cannot read IP mode file for wolfSSL.I-CUBE-wolfSSH.1.4.17
2024-12-24 20:58:56,534 [INFO] ThirdParty:978 - Integrity check success = true
2024-12-24 20:58:56,534 [INFO] IntegrityCheckThread:100 - exiting critical section [integrity check]
2024-12-24 20:58:56,534 [INFO] IntegrityCheckThread:103 - End integrity checks thread
