2024-11-16 03:36:56,412 [INFO] Activator:176 - 


2024-11-16 03:36:56,413 [INFO] Activator:177 - !SESSION log4j initialized
2024-11-16 03:36:57,692 [INFO] LogOutputStream:77 - [STDOUT_REDIRECT] 
2024-11-16 03:36:58,863 [INFO] ApplicationProperties:184 - Using Application install path: /opt/st/stm32cubeide_1.16.1/plugins/com.st.stm32cube.common.mx_6.12.1.202409122256
2024-11-16 03:36:58,875 [INFO] DbMcusXml:78 - Set database path to: /opt/st/stm32cubeide_1.16.1/plugins/com.st.stm32cube.common.mx_6.12.1.202409122256//db//mcu/
2024-11-16 03:36:58,875 [INFO] ApiDb:274 - Set plugin database path to: /opt/st/stm32cubeide_1.16.1/plugins/com.st.stm32cube.common.mx_6.12.1.202409122256//db//plugins/boardmanager/
2024-11-16 03:36:58,876 [WARN] ApiDb:259 - Overriding images path with different value:  => /opt/st/stm32cubeide_1.16.1/plugins/com.st.stm32cube.common.mx_6.12.1.202409122256//db//plugins/mcufinder/images/
2024-11-16 03:36:58,879 [INFO] ApiDb:250 - Set database path to: /home/carver/.stmcufinder/plugins/mcufinder//mcu/
2024-11-16 03:36:58,880 [INFO] DbMcusAds:125 - Set database path to: /home/carver/.stmcufinder/plugins/mcufinder//mcu/
2024-11-16 03:36:58,882 [INFO] CrossReferenceDbSqlite:203 - Set database path to: /home/carver/.stmcufinder/plugins/mcufinder//mcu/cs/
2024-11-16 03:36:58,965 [INFO] RulesReader:64 - Compatibility file has been processed (297 Rules)
2024-11-16 03:36:59,002 [INFO] DbMcusXml:78 - Set database path to: /opt/st/stm32cubeide_1.16.1/plugins/com.st.stm32cube.common.mx_6.12.1.202409122256//db//mcu/
2024-11-16 03:36:59,002 [INFO] ApiDb:274 - Set plugin database path to: /opt/st/stm32cubeide_1.16.1/plugins/com.st.stm32cube.common.mx_6.12.1.202409122256//db//plugins/boardmanager/
2024-11-16 03:36:59,003 [INFO] ApiDb:261 - Set plugin images path to: /opt/st/stm32cubeide_1.16.1/plugins/com.st.stm32cube.common.mx_6.12.1.202409122256//db//plugins/mcufinder/images/
2024-11-16 03:36:59,003 [WARN] DbFile:41 - Overriding database path with different value: /home/carver/.stmcufinder/plugins/mcufinder/ => /home/carver/.stmcufinder/plugins/mcufinder
2024-11-16 03:36:59,003 [INFO] ApiDb:250 - Set database path to: /home/carver/.stmcufinder/plugins/mcufinder//mcu/
2024-11-16 03:36:59,003 [WARN] DbFile:41 - Overriding database path with different value: /home/carver/.stmcufinder/plugins/mcufinder/ => /home/carver/.stmcufinder/plugins/mcufinder
2024-11-16 03:36:59,003 [INFO] DbMcusAds:125 - Set database path to: /home/carver/.stmcufinder/plugins/mcufinder//mcu/
2024-11-16 03:36:59,003 [WARN] DbFile:41 - Overriding database path with different value: /home/carver/.stmcufinder/plugins/mcufinder/ => /home/carver/.stmcufinder/plugins/mcufinder
2024-11-16 03:36:59,003 [WARN] DbFile:41 - Overriding database path with different value: /home/carver/.stmcufinder/plugins/mcufinder/ => /home/carver/.stmcufinder/plugins/mcufinder
2024-11-16 03:36:59,003 [INFO] CrossReferenceDbSqlite:203 - Set database path to: /home/carver/.stmcufinder/plugins/mcufinder//mcu/cs/
2024-11-16 03:36:59,043 [INFO] MainPanel:268 - HeapMemory: 268435456
2024-11-16 03:36:59,105 [INFO] DbMcusXml:78 - Set database path to: /opt/st/stm32cubeide_1.16.1/plugins/com.st.stm32cube.common.mx_6.12.1.202409122256//db//mcu/
2024-11-16 03:36:59,106 [INFO] ApiDb:274 - Set plugin database path to: /opt/st/stm32cubeide_1.16.1/plugins/com.st.stm32cube.common.mx_6.12.1.202409122256//db//plugins/boardmanager/
2024-11-16 03:36:59,106 [INFO] ApiDb:261 - Set plugin images path to: /opt/st/stm32cubeide_1.16.1/plugins/com.st.stm32cube.common.mx_6.12.1.202409122256//db//plugins/mcufinder/images/
2024-11-16 03:36:59,106 [WARN] DbFile:41 - Overriding database path with different value: /home/carver/.stmcufinder/plugins/mcufinder/ => /home/carver/.stmcufinder/plugins/mcufinder
2024-11-16 03:36:59,106 [INFO] ApiDb:250 - Set database path to: /home/carver/.stmcufinder/plugins/mcufinder//mcu/
2024-11-16 03:36:59,106 [WARN] DbFile:41 - Overriding database path with different value: /home/carver/.stmcufinder/plugins/mcufinder/ => /home/carver/.stmcufinder/plugins/mcufinder
2024-11-16 03:36:59,106 [INFO] DbMcusAds:125 - Set database path to: /home/carver/.stmcufinder/plugins/mcufinder//mcu/
2024-11-16 03:36:59,106 [WARN] DbFile:41 - Overriding database path with different value: /home/carver/.stmcufinder/plugins/mcufinder/ => /home/carver/.stmcufinder/plugins/mcufinder
2024-11-16 03:36:59,106 [WARN] DbFile:41 - Overriding database path with different value: /home/carver/.stmcufinder/plugins/mcufinder/ => /home/carver/.stmcufinder/plugins/mcufinder
2024-11-16 03:36:59,106 [INFO] CrossReferenceDbSqlite:203 - Set database path to: /home/carver/.stmcufinder/plugins/mcufinder//mcu/cs/
2024-11-16 03:36:59,115 [INFO] ApplicationProperties:184 - Using Application install path: /opt/st/stm32cubeide_1.16.1/plugins/com.st.stm32cube.common.mx_6.12.1.202409122256
2024-11-16 03:36:59,116 [INFO] PluginManage:196 - Search for loadable plugins [exclusion list=, ]
2024-11-16 03:36:59,116 [INFO] PluginManage:310 - Check plugin analytics
2024-11-16 03:36:59,202 [INFO] AnalyticsPlugin:253 - Accepted Software Licenses: 
2024-11-16 03:36:59,202 [INFO] AnalyticsPlugin:255 - Accepted CMSIS Pack Licenses: 
2024-11-16 03:36:59,202 [INFO] AnalyticsPlugin:257 - Accepted Firmware Licenses: FW.H7.1.11.0,FW.G4.1.6.0
2024-11-16 03:36:59,204 [INFO] PluginManage:359 - Loaded plugin analytics (category:tool,tabindex:-1)
2024-11-16 03:36:59,204 [INFO] PluginManage:310 - Check plugin cadmodel
2024-11-16 03:36:59,206 [INFO] CADModel:105 - Init CAD model plugin
2024-11-16 03:36:59,206 [INFO] PluginManage:359 - Loaded plugin cadmodel (category:power,tabindex:5)
2024-11-16 03:36:59,206 [INFO] PluginManage:310 - Check plugin clock
2024-11-16 03:36:59,211 [INFO] PluginManage:359 - Loaded plugin clock (category:base,tabindex:2)
2024-11-16 03:36:59,211 [INFO] PluginManage:310 - Check plugin ddr
2024-11-16 03:36:59,212 [INFO] PluginManage:359 - Loaded plugin ddr (category:tool,tabindex:6)
2024-11-16 03:36:59,212 [INFO] PluginManage:310 - Check plugin filemanager
2024-11-16 03:36:59,307 [INFO] PluginManage:359 - Loaded plugin filemanager (category:base,tabindex:10)
2024-11-16 03:36:59,307 [INFO] PluginManage:310 - Check plugin ipmanager
2024-11-16 03:36:59,312 [INFO] PluginManage:359 - Loaded plugin ipmanager (category:base,tabindex:5)
2024-11-16 03:36:59,312 [INFO] PluginManage:310 - Check plugin lpbam
2024-11-16 03:36:59,318 [INFO] PluginManage:359 - Loaded plugin lpbam (category:base,tabindex:0)
2024-11-16 03:36:59,318 [INFO] PluginManage:310 - Check plugin memorymap
2024-11-16 03:36:59,324 [INFO] PluginManage:359 - Loaded plugin memorymap (category:base,tabindex:4)
2024-11-16 03:36:59,324 [INFO] PluginManage:310 - Check plugin pinoutandconfiguration
2024-11-16 03:36:59,329 [INFO] PluginManage:359 - Loaded plugin pinoutandconfiguration (category:base,tabindex:1)
2024-11-16 03:36:59,329 [INFO] PluginManage:310 - Check plugin pinoutconfig
2024-11-16 03:36:59,380 [WARN] SupportedApi:132 - Cannot load RTOS API schema: s4s-elt-must-match.1: The content of 'definitions' must match (annotation?, (simpleType | complexType)?, (unique | key | keyref)*)). A problem was found starting at: attribute.
2024-11-16 03:36:59,468 [INFO] PluginManage:359 - Loaded plugin pinoutconfig (category:base,tabindex:0)
2024-11-16 03:36:59,468 [INFO] PluginManage:310 - Check plugin power
2024-11-16 03:36:59,473 [INFO] PluginManage:359 - Loaded plugin power (category:power,tabindex:4)
2024-11-16 03:36:59,473 [INFO] PluginManage:310 - Check plugin projectmanager
2024-11-16 03:36:59,484 [INFO] PluginManage:359 - Loaded plugin projectmanager (category:projectmanager,tabindex:4)
2024-11-16 03:36:59,484 [INFO] PluginManage:310 - Check plugin rif
2024-11-16 03:36:59,487 [INFO] PluginManage:359 - Loaded plugin rif (category:base,tabindex:3)
2024-11-16 03:36:59,487 [INFO] PluginManage:310 - Check plugin thirdparty
2024-11-16 03:36:59,564 [INFO] PluginManage:359 - Loaded plugin thirdparty (category:base,tabindex:-1)
2024-11-16 03:36:59,564 [WARN] IntegrityCheckThread:84 - waiting for thirdparty lock release [integrity check]
2024-11-16 03:36:59,564 [INFO] PluginManage:310 - Check plugin tools
2024-11-16 03:36:59,565 [INFO] IntegrityCheckThread:86 - entering critical section [integrity check]
2024-11-16 03:36:59,565 [INFO] ThirdPartyUpdaterWithRetryManager:70 - Updater plugin not ready yet. [1/15]
2024-11-16 03:36:59,566 [INFO] PluginManage:359 - Loaded plugin tools (category:base,tabindex:7)
2024-11-16 03:36:59,566 [INFO] PluginManage:310 - Check plugin tutovideos
2024-11-16 03:36:59,682 [INFO] PluginManage:359 - Loaded plugin tutovideos (category:base,tabindex:-1)
2024-11-16 03:36:59,682 [INFO] PluginManage:310 - Check plugin updater
2024-11-16 03:36:59,693 [INFO] PluginManage:359 - Loaded plugin updater (category:base,tabindex:12)
2024-11-16 03:36:59,693 [INFO] PluginManage:310 - Check plugin userauth
2024-11-16 03:36:59,697 [INFO] UserAuth:113 - Init User Auth plugin
2024-11-16 03:36:59,697 [INFO] PluginManage:359 - Loaded plugin userauth (category:base,tabindex:14)
2024-11-16 03:36:59,697 [INFO] PluginManage:283 - PluginManage : Loaded plugins [18]
2024-11-16 03:36:59,815 [INFO] PinOutPanel:1561 - setPackage(No Configuration,No Configuration)
2024-11-16 03:36:59,862 [INFO] CADModel:165 - CPN selected for project level
2024-11-16 03:36:59,862 [INFO] CADModel:114 - Register for checkConnection events
2024-11-16 03:36:59,871 [INFO] IPUIPlugin:80 - create IPUIPlugin
2024-11-16 03:36:59,871 [INFO] PluginManager:220 - loadIPPluginJar : add aes
2024-11-16 03:36:59,872 [INFO] IPUIPlugin:80 - create IPUIPlugin
2024-11-16 03:36:59,873 [INFO] PluginManager:220 - loadIPPluginJar : add can
2024-11-16 03:36:59,877 [INFO] IPUIPlugin:80 - create IPUIPlugin
2024-11-16 03:36:59,877 [INFO] PluginManager:220 - loadIPPluginJar : add stm32_wpan
2024-11-16 03:36:59,879 [INFO] IPUIPlugin:80 - create IPUIPlugin
2024-11-16 03:36:59,879 [INFO] PluginManager:220 - loadIPPluginJar : add sai
2024-11-16 03:36:59,880 [INFO] IPUIPlugin:80 - create IPUIPlugin
2024-11-16 03:36:59,881 [INFO] PluginManager:220 - loadIPPluginJar : add ddr_ctrl_phy
2024-11-16 03:36:59,882 [INFO] IPUIPlugin:80 - create IPUIPlugin
2024-11-16 03:36:59,882 [INFO] PluginManager:220 - loadIPPluginJar : add lorawan
2024-11-16 03:36:59,886 [INFO] IPUIPlugin:80 - create IPUIPlugin
2024-11-16 03:36:59,886 [INFO] PluginManager:220 - loadIPPluginJar : add mdma
2024-11-16 03:36:59,888 [INFO] IPUIPlugin:80 - create IPUIPlugin
2024-11-16 03:36:59,888 [INFO] PluginManager:220 - loadIPPluginJar : add gfxmmu
2024-11-16 03:36:59,892 [INFO] IPUIPlugin:80 - create IPUIPlugin
2024-11-16 03:36:59,892 [INFO] PluginManager:220 - loadIPPluginJar : add dma
2024-11-16 03:36:59,893 [INFO] IPUIPlugin:80 - create IPUIPlugin
2024-11-16 03:36:59,893 [INFO] PluginManager:220 - loadIPPluginJar : add extmemmanager
2024-11-16 03:36:59,896 [INFO] IPUIPlugin:80 - create IPUIPlugin
2024-11-16 03:36:59,896 [INFO] PluginManager:220 - loadIPPluginJar : add freertos
2024-11-16 03:36:59,897 [INFO] IPUIPlugin:80 - create IPUIPlugin
2024-11-16 03:36:59,897 [INFO] PluginManager:220 - loadIPPluginJar : add radio
2024-11-16 03:36:59,898 [INFO] IPUIPlugin:80 - create IPUIPlugin
2024-11-16 03:36:59,898 [INFO] PluginManager:220 - loadIPPluginJar : add fatfs
2024-11-16 03:36:59,900 [INFO] IPUIPlugin:80 - create IPUIPlugin
2024-11-16 03:36:59,900 [INFO] PluginManager:220 - loadIPPluginJar : add openamp
2024-11-16 03:36:59,901 [INFO] IPUIPlugin:80 - create IPUIPlugin
2024-11-16 03:36:59,901 [INFO] PluginManager:220 - loadIPPluginJar : add tsc
2024-11-16 03:36:59,902 [INFO] IPUIPlugin:80 - create IPUIPlugin
2024-11-16 03:36:59,902 [INFO] PluginManager:220 - loadIPPluginJar : add cryp
2024-11-16 03:36:59,904 [INFO] IPUIPlugin:80 - create IPUIPlugin
2024-11-16 03:36:59,904 [INFO] PluginManager:220 - loadIPPluginJar : add usart
2024-11-16 03:36:59,905 [INFO] IPUIPlugin:80 - create IPUIPlugin
2024-11-16 03:36:59,905 [INFO] PluginManager:220 - loadIPPluginJar : add i2c
2024-11-16 03:36:59,909 [INFO] IPUIPlugin:80 - create IPUIPlugin
2024-11-16 03:36:59,909 [INFO] PluginManager:220 - loadIPPluginJar : add adc
2024-11-16 03:36:59,910 [INFO] IPUIPlugin:80 - create IPUIPlugin
2024-11-16 03:36:59,911 [INFO] PluginManager:220 - loadIPPluginJar : add tim
2024-11-16 03:36:59,912 [INFO] IPUIPlugin:80 - create IPUIPlugin
2024-11-16 03:36:59,912 [INFO] PluginManager:220 - loadIPPluginJar : add usbx
2024-11-16 03:36:59,914 [INFO] IPUIPlugin:80 - create IPUIPlugin
2024-11-16 03:36:59,914 [INFO] PluginManager:220 - loadIPPluginJar : add ts
2024-11-16 03:36:59,919 [INFO] IPUIPlugin:80 - create IPUIPlugin
2024-11-16 03:36:59,919 [INFO] PluginManager:220 - loadIPPluginJar : add linkedlist
2024-11-16 03:36:59,921 [INFO] IPUIPlugin:80 - create IPUIPlugin
2024-11-16 03:36:59,921 [INFO] PluginManager:220 - loadIPPluginJar : add resmgrutility
2024-11-16 03:36:59,926 [INFO] IPUIPlugin:80 - create IPUIPlugin
2024-11-16 03:36:59,928 [INFO] PluginManager:220 - loadIPPluginJar : add plateformsettings
2024-11-16 03:36:59,930 [INFO] IPUIPlugin:80 - create IPUIPlugin
2024-11-16 03:36:59,930 [INFO] PluginManager:220 - loadIPPluginJar : add i3c
2024-11-16 03:36:59,931 [INFO] IPUIPlugin:80 - create IPUIPlugin
2024-11-16 03:36:59,931 [INFO] PluginManager:220 - loadIPPluginJar : add ltdc
2024-11-16 03:36:59,933 [INFO] IPUIPlugin:80 - create IPUIPlugin
2024-11-16 03:36:59,933 [INFO] PluginManager:220 - loadIPPluginJar : add dma3
2024-11-16 03:36:59,934 [INFO] IPUIPlugin:80 - create IPUIPlugin
2024-11-16 03:36:59,935 [INFO] PluginManager:220 - loadIPPluginJar : add tracer_emb
2024-11-16 03:36:59,937 [INFO] IPUIPlugin:80 - create IPUIPlugin
2024-11-16 03:36:59,937 [INFO] PluginManager:220 - loadIPPluginJar : add hash
2024-11-16 03:36:59,940 [INFO] IPUIPlugin:80 - create IPUIPlugin
2024-11-16 03:36:59,940 [INFO] PluginManager:220 - loadIPPluginJar : add gpio
2024-11-16 03:36:59,942 [INFO] IPUIPlugin:80 - create IPUIPlugin
2024-11-16 03:36:59,943 [INFO] PluginManager:220 - loadIPPluginJar : add touchsensing
2024-11-16 03:36:59,944 [INFO] IPUIPlugin:80 - create IPUIPlugin
2024-11-16 03:36:59,944 [INFO] PluginManager:220 - loadIPPluginJar : add gtzc
2024-11-16 03:36:59,946 [INFO] IPUIPlugin:80 - create IPUIPlugin
2024-11-16 03:36:59,946 [INFO] PluginManager:220 - loadIPPluginJar : add pdm2pcm
2024-11-16 03:36:59,951 [INFO] IPUIPlugin:80 - create IPUIPlugin
2024-11-16 03:36:59,951 [INFO] PluginManager:220 - loadIPPluginJar : add gic
2024-11-16 03:36:59,954 [INFO] IPUIPlugin:80 - create IPUIPlugin
2024-11-16 03:36:59,954 [INFO] PluginManager:220 - loadIPPluginJar : add fmc
2024-11-16 03:36:59,955 [INFO] IPUIPlugin:80 - create IPUIPlugin
2024-11-16 03:36:59,955 [INFO] PluginManager:220 - loadIPPluginJar : add comp
2024-11-16 03:36:59,958 [INFO] IPUIPlugin:80 - create IPUIPlugin
2024-11-16 03:36:59,958 [INFO] PluginManager:220 - loadIPPluginJar : add ipddr
2024-11-16 03:36:59,959 [INFO] IPUIPlugin:80 - create IPUIPlugin
2024-11-16 03:36:59,959 [INFO] PluginManager:220 - loadIPPluginJar : add i2s
2024-11-16 03:36:59,961 [INFO] IPUIPlugin:80 - create IPUIPlugin
2024-11-16 03:36:59,961 [INFO] PluginManager:220 - loadIPPluginJar : add spi
2024-11-16 03:36:59,962 [INFO] IPUIPlugin:80 - create IPUIPlugin
2024-11-16 03:36:59,962 [INFO] PluginManager:220 - loadIPPluginJar : add ucpd
2024-11-16 03:36:59,964 [INFO] IPUIPlugin:80 - create IPUIPlugin
2024-11-16 03:36:59,964 [INFO] PluginManager:220 - loadIPPluginJar : add dfsdm
2024-11-16 03:36:59,965 [INFO] IPUIPlugin:80 - create IPUIPlugin
2024-11-16 03:36:59,966 [INFO] PluginManager:220 - loadIPPluginJar : add opamp
2024-11-16 03:36:59,968 [INFO] IPUIPlugin:80 - create IPUIPlugin
2024-11-16 03:36:59,968 [INFO] PluginManager:220 - loadIPPluginJar : add nvic
2024-11-16 03:36:59,969 [INFO] IPUIPlugin:80 - create IPUIPlugin
2024-11-16 03:36:59,969 [INFO] PluginManager:220 - loadIPPluginJar : add quadspi
2024-11-16 03:36:59,970 [INFO] IPUIPlugin:80 - create IPUIPlugin
2024-11-16 03:36:59,970 [INFO] PluginManager:220 - loadIPPluginJar : add genericplugin
2024-11-16 03:37:00,067 [INFO] CADModel:165 - CPN selected for project level
2024-11-16 03:37:00,067 [INFO] CADModel:114 - Register for checkConnection events
2024-11-16 03:37:00,067 [FATAL] Updater:334 - Updater called before beeing initialized
2024-11-16 03:37:00,067 [ERROR] CADModel:125 - Updater not yet initialized, retry later 
2024-11-16 03:37:00,186 [INFO] CADModel:165 - CPN selected for project level
2024-11-16 03:37:00,186 [INFO] CADModel:114 - Register for checkConnection events
2024-11-16 03:37:00,186 [FATAL] Updater:334 - Updater called before beeing initialized
2024-11-16 03:37:00,186 [ERROR] CADModel:125 - Updater not yet initialized, retry later 
2024-11-16 03:37:00,195 [FATAL] Updater:334 - Updater called before beeing initialized
2024-11-16 03:37:00,282 [FATAL] Updater:334 - Updater called before beeing initialized
2024-11-16 03:37:00,286 [INFO] DbMcusAds:53 - JSON generation date=Fri Sep 20 20:04:23 ICT 2024 (1726837463113)
2024-11-16 03:37:00,286 [FATAL] Updater:334 - Updater called before beeing initialized
2024-11-16 03:37:00,312 [WARN] DetailPanel:346 - Failed to get advertising image, set to default
2024-11-16 03:37:00,378 [FATAL] Updater:334 - Updater called before beeing initialized
2024-11-16 03:37:00,380 [FATAL] Updater:334 - Updater called before beeing initialized
2024-11-16 03:37:00,380 [FATAL] Updater:334 - Updater called before beeing initialized
2024-11-16 03:37:00,380 [WARN] DetailPanel:346 - Failed to get advertising image, set to default
2024-11-16 03:37:00,380 [FATAL] Updater:334 - Updater called before beeing initialized
2024-11-16 03:37:00,405 [ERROR] Updater:1164 - MainUpdater not yet initialized. External WinMGr cannot be set.
2024-11-16 03:37:00,407 [INFO] Updater:1100 - Updater Version found : 6.12.1
2024-11-16 03:37:00,423 [INFO] ApplicationProperties:184 - Using Application install path: /opt/st/stm32cubeide_1.16.1/plugins/com.st.stm32cube.common.mx_6.12.1.202409122256
2024-11-16 03:37:00,653 [INFO] MainUpdater:2873 - connection check result : 10
2024-11-16 03:37:00,653 [INFO] MainUpdater:290 - Updater Check For Update Now.
2024-11-16 03:37:00,654 [INFO] MicroXplorer:498 - Change Database Version : DB.6.0.121
2024-11-16 03:37:00,657 [INFO] McuFinderGlobals:63 - Set McuFinder mode to 2 (CubeIDE integrated)
2024-11-16 03:37:00,657 [INFO] UserAuth:417 - Internet connection configuration mode: 1
2024-11-16 03:37:00,666 [INFO] JxBrowserEngine:152 - Initiate JxBrowser Engine with user profile folder
2024-11-16 03:37:00,841 [INFO] CheckServerUpdateThread:120 - End of CheckServer Thread
2024-11-16 03:37:01,414 [INFO] WebApp:167 - Instantiating new browser for Auth
2024-11-16 03:37:02,309 [INFO] WebApp:448 - Apply proxy settings
2024-11-16 03:37:02,309 [INFO] WebApp:533 - Chromium requires no authentication
2024-11-16 03:37:02,327 [INFO] WebApp:476 - Direct internet connection detected
2024-11-16 03:37:02,385 [INFO] WebApp:869 - Register for checkConnection events
2024-11-16 03:37:02,386 [INFO] WebApp:448 - Apply proxy settings
2024-11-16 03:37:02,386 [INFO] WebApp:533 - Chromium requires no authentication
2024-11-16 03:37:02,386 [INFO] WebApp:476 - Direct internet connection detected
2024-11-16 03:37:02,581 [INFO] WebApp:186 - Connection restablished
2024-11-16 03:37:02,701 [WARN] PackLoader:240 - Cannot read IP mode file for STMicroelectronics.FP-SNS-MOTENVWB1.1.4.0
2024-11-16 03:37:02,710 [WARN] PackLoader:240 - Cannot read IP mode file for STMicroelectronics.FP-ATR-ASTRA1.2.0.1
2024-11-16 03:37:02,718 [WARN] PackLoader:240 - Cannot read IP mode file for STMicroelectronics.X-CUBE-SMBUS.2.1.0
2024-11-16 03:37:02,718 [INFO] WebApp:220 - Starting web application
2024-11-16 03:37:02,718 [INFO] WebApp:578 - Web application path used /opt/st/stm32cubeide_1.16.1/plugins/com.st.stm32cube.common.mx_6.12.1.202409122256/db/plugins/mcufinder/reactClient1/index.html
2024-11-16 03:37:02,726 [WARN] PackLoader:240 - Cannot read IP mode file for STMicroelectronics.X-CUBE-WB05N.1.1.0
2024-11-16 03:37:02,797 [WARN] PackLoader:240 - Cannot read IP mode file for STMicroelectronics.X-CUBE-AZRTOS-F7.1.1.0
2024-11-16 03:37:02,948 [INFO] UserAuth:417 - Internet connection configuration mode: 1
2024-11-16 03:37:03,005 [WARN] PackLoader:240 - Cannot read IP mode file for STMicroelectronics.X-CUBE-MEMS1.11.0.0
2024-11-16 03:37:03,329 [WARN] PackLoader:240 - Cannot read IP mode file for STMicroelectronics.FP-SNS-FLIGHT1.5.0.2
2024-11-16 03:37:03,338 [WARN] PackLoader:240 - Cannot read IP mode file for STMicroelectronics.X-CUBE-DISPLAY.3.0.0
2024-11-16 03:37:03,347 [WARN] PackLoader:240 - Cannot read IP mode file for STMicroelectronics.X-CUBE-BLE1.7.0.0
2024-11-16 03:37:03,356 [WARN] PackLoader:240 - Cannot read IP mode file for STMicroelectronics.X-CUBE-NFC10.1.0.0
2024-11-16 03:37:03,365 [WARN] PackLoader:240 - Cannot read IP mode file for emotas.I-CUBE-CANOPEN.1.3.0
2024-11-16 03:37:03,376 [WARN] PackLoader:240 - Cannot read IP mode file for STMicroelectronics.X-CUBE-BLEMGR.3.1.0
2024-11-16 03:37:03,386 [WARN] PackLoader:240 - Cannot read IP mode file for STMicroelectronics.FP-SNS-SMARTAG2.1.2.0
2024-11-16 03:37:03,401 [INFO] LogOutputStream:77 - [STDOUT_REDIRECT] 1 : Invalid condition id : UX_CORESTACK_Condition cause : null
2024-11-16 03:37:03,402 [INFO] LogOutputStream:77 - [STDOUT_REDIRECT] 1 : Invalid condition id : UX_CORESTACK_Condition cause : null
2024-11-16 03:37:03,402 [INFO] LogOutputStream:77 - [STDOUT_REDIRECT] 1 : Invalid condition id : UX_CORESTACK_Condition cause : null
2024-11-16 03:37:03,402 [INFO] LogOutputStream:77 - [STDOUT_REDIRECT] 1 : Invalid condition id : UX_CORESTACK_Condition cause : null
2024-11-16 03:37:03,402 [INFO] LogOutputStream:77 - [STDOUT_REDIRECT] 1 : Invalid condition id : UX_CORESTACK_Condition cause : null
2024-11-16 03:37:03,408 [WARN] PackLoader:240 - Cannot read IP mode file for STMicroelectronics.X-CUBE-AZRTOS-WL.2.0.0
2024-11-16 03:37:03,413 [WARN] PackLoader:240 - Cannot read IP mode file for STMicroelectronics.FP-SNS-MOTENV1.5.0.0
2024-11-16 03:37:03,417 [WARN] PackLoader:240 - Cannot read IP mode file for wolfSSL.I-CUBE-wolfMQTT.1.19.0
2024-11-16 03:37:03,428 [WARN] PackLoader:240 - Cannot read IP mode file for WES.I-CUBE-Cesium.1.3.0
2024-11-16 03:37:03,431 [WARN] PackLoader:240 - Cannot read IP mode file for STMicroelectronics.X-CUBE-BLE2.3.3.0
2024-11-16 03:37:03,448 [WARN] PackLoader:240 - Cannot read IP mode file for STMicroelectronics.X-CUBE-NFC9.1.0.0
2024-11-16 03:37:03,456 [WARN] PackLoader:240 - Cannot read IP mode file for STMicroelectronics.X-CUBE-TCPP.4.1.0
2024-11-16 03:37:03,477 [WARN] PackLoader:240 - Cannot read IP mode file for STMicroelectronics.X-CUBE-AZRTOS-G0.1.1.0
2024-11-16 03:37:03,486 [WARN] PackLoader:240 - Cannot read IP mode file for STMicroelectronics.X-CUBE-SAFEA1.1.2.2
2024-11-16 03:37:03,492 [WARN] PackLoader:240 - Cannot read IP mode file for STMicroelectronics.X-CUBE-NFC4.3.0.0
2024-11-16 03:37:03,502 [WARN] PackLoader:240 - Cannot read IP mode file for EmbeddedOffice.I-CUBE-FS-RTOS.1.0.1
2024-11-16 03:37:03,503 [ERROR] ConditionMgr:805 - Attr not supported : Dmpu
2024-11-16 03:37:03,503 [ERROR] ConditionMgr:805 - Attr not supported : Dmpu
2024-11-16 03:37:03,503 [ERROR] ConditionMgr:805 - Attr not supported : Dmpu
2024-11-16 03:37:03,503 [ERROR] ConditionMgr:805 - Attr not supported : Dmpu
2024-11-16 03:37:03,503 [ERROR] ConditionMgr:805 - Attr not supported : Dmpu
2024-11-16 03:37:03,503 [ERROR] ConditionMgr:805 - Attr not supported : Dmpu
2024-11-16 03:37:03,503 [ERROR] ConditionMgr:805 - Attr not supported : Dmpu
2024-11-16 03:37:03,503 [ERROR] ConditionMgr:805 - Attr not supported : Dmpu
2024-11-16 03:37:03,503 [ERROR] ConditionMgr:805 - Attr not supported : Dmpu
2024-11-16 03:37:03,503 [ERROR] ConditionMgr:805 - Attr not supported : Dmpu
2024-11-16 03:37:03,503 [ERROR] ConditionMgr:805 - Attr not supported : Dmpu
2024-11-16 03:37:03,503 [ERROR] ConditionMgr:805 - Attr not supported : Dmpu
2024-11-16 03:37:03,503 [ERROR] ConditionMgr:805 - Attr not supported : Dmpu
2024-11-16 03:37:03,503 [ERROR] ConditionMgr:805 - Attr not supported : Dmpu
2024-11-16 03:37:03,504 [ERROR] ConditionMgr:805 - Attr not supported : Dmpu
2024-11-16 03:37:03,504 [ERROR] ConditionMgr:805 - Attr not supported : Dmpu
2024-11-16 03:37:03,504 [ERROR] ConditionMgr:805 - Attr not supported : Dmpu
2024-11-16 03:37:03,504 [ERROR] ConditionMgr:805 - Attr not supported : Dmpu
2024-11-16 03:37:03,504 [ERROR] ConditionMgr:805 - Attr not supported : Dmpu
2024-11-16 03:37:03,504 [ERROR] ConditionMgr:805 - Attr not supported : Dmpu
2024-11-16 03:37:03,504 [ERROR] ConditionMgr:805 - Attr not supported : Dmpu
2024-11-16 03:37:03,504 [ERROR] ConditionMgr:805 - Attr not supported : Dmpu
2024-11-16 03:37:03,504 [ERROR] ConditionMgr:805 - Attr not supported : Dmpu
2024-11-16 03:37:03,504 [ERROR] ConditionMgr:805 - Attr not supported : Dmpu
2024-11-16 03:37:03,504 [ERROR] ConditionMgr:805 - Attr not supported : Dmpu
2024-11-16 03:37:03,504 [ERROR] ConditionMgr:805 - Attr not supported : Dmpu
2024-11-16 03:37:03,504 [ERROR] ConditionMgr:805 - Attr not supported : Dmpu
2024-11-16 03:37:03,504 [ERROR] ConditionMgr:805 - Attr not supported : Dmpu
2024-11-16 03:37:03,504 [ERROR] ConditionMgr:805 - Attr not supported : Dmpu
2024-11-16 03:37:03,504 [ERROR] ConditionMgr:805 - Attr not supported : Dmpu
2024-11-16 03:37:03,504 [ERROR] ConditionMgr:805 - Attr not supported : Dmpu
2024-11-16 03:37:03,504 [ERROR] ConditionMgr:805 - Attr not supported : Dmpu
2024-11-16 03:37:03,504 [ERROR] ConditionMgr:805 - Attr not supported : Dmpu
2024-11-16 03:37:03,505 [ERROR] ConditionMgr:805 - Attr not supported : Dmpu
2024-11-16 03:37:03,505 [ERROR] ConditionMgr:805 - Attr not supported : Dmpu
2024-11-16 03:37:03,505 [ERROR] ConditionMgr:805 - Attr not supported : Dmpu
2024-11-16 03:37:03,505 [ERROR] ConditionMgr:805 - Attr not supported : Dmpu
2024-11-16 03:37:03,505 [ERROR] ConditionMgr:805 - Attr not supported : Dmpu
2024-11-16 03:37:03,505 [ERROR] ConditionMgr:805 - Attr not supported : Dmpu
2024-11-16 03:37:03,505 [ERROR] ConditionMgr:805 - Attr not supported : Dmpu
2024-11-16 03:37:03,505 [ERROR] ConditionMgr:805 - Attr not supported : Dmpu
2024-11-16 03:37:03,505 [ERROR] ConditionMgr:805 - Attr not supported : Dmpu
2024-11-16 03:37:03,505 [ERROR] ConditionMgr:805 - Attr not supported : Dmpu
2024-11-16 03:37:03,505 [ERROR] ConditionMgr:805 - Attr not supported : Dmpu
2024-11-16 03:37:03,505 [ERROR] ConditionMgr:805 - Attr not supported : Dmpu
2024-11-16 03:37:03,505 [ERROR] ConditionMgr:805 - Attr not supported : Dmpu
2024-11-16 03:37:03,506 [ERROR] ConditionMgr:805 - Attr not supported : Dmpu
2024-11-16 03:37:03,506 [ERROR] ConditionMgr:805 - Attr not supported : Dmpu
2024-11-16 03:37:03,506 [ERROR] ConditionMgr:805 - Attr not supported : Dmpu
2024-11-16 03:37:03,506 [ERROR] ConditionMgr:805 - Attr not supported : Dmpu
2024-11-16 03:37:03,506 [ERROR] ConditionMgr:805 - Attr not supported : Dmpu
2024-11-16 03:37:03,506 [ERROR] ConditionMgr:805 - Attr not supported : Dmpu
2024-11-16 03:37:03,506 [ERROR] ConditionMgr:805 - Attr not supported : Dmpu
2024-11-16 03:37:03,506 [ERROR] ConditionMgr:805 - Attr not supported : Dmpu
2024-11-16 03:37:03,506 [ERROR] ConditionMgr:805 - Attr not supported : Dmpu
2024-11-16 03:37:03,506 [ERROR] ConditionMgr:805 - Attr not supported : Dmpu
2024-11-16 03:37:03,506 [ERROR] ConditionMgr:805 - Attr not supported : Dmpu
2024-11-16 03:37:03,506 [ERROR] ConditionMgr:805 - Attr not supported : Dmpu
2024-11-16 03:37:03,506 [ERROR] ConditionMgr:805 - Attr not supported : Dmpu
2024-11-16 03:37:03,506 [ERROR] ConditionMgr:805 - Attr not supported : Dmpu
2024-11-16 03:37:03,506 [ERROR] ConditionMgr:805 - Attr not supported : Dmpu
2024-11-16 03:37:03,506 [ERROR] ConditionMgr:805 - Attr not supported : Dmpu
2024-11-16 03:37:03,506 [ERROR] ConditionMgr:805 - Attr not supported : Dmpu
2024-11-16 03:37:03,507 [ERROR] ConditionMgr:805 - Attr not supported : Dmpu
2024-11-16 03:37:03,510 [WARN] PackLoader:240 - Cannot read IP mode file for RealThread.X-CUBE-RT-Thread_Nano.4.1.1
2024-11-16 03:37:03,513 [WARN] PackLoader:240 - Cannot read IP mode file for STMicroelectronics.FP-ATR-SIGFOX1.3.2.0
2024-11-16 03:37:03,516 [WARN] PackLoader:240 - Cannot read IP mode file for wolfSSL.I-CUBE-wolfSSL.5.7.2
2024-11-16 03:37:03,519 [WARN] ConditionMgr:438 - getConditionDescription Invalid condition id : Cortex-A Device cause : null
2024-11-16 03:37:03,532 [WARN] ConditionMgr:1039 - genDependencies : Invalid condition id : Cortex-A Device cause : null
2024-11-16 03:37:03,532 [WARN] ConditionMgr:1039 - genDependencies : Invalid condition id : Cortex-A Device cause : null
2024-11-16 03:37:03,532 [WARN] ConditionMgr:1039 - genDependencies : Invalid condition id : Cortex-A Device cause : null
2024-11-16 03:37:03,539 [WARN] PackLoader:240 - Cannot read IP mode file for STMicroelectronics.X-CUBE-EEPRMA1.5.1.0
2024-11-16 03:37:03,548 [WARN] PackLoader:240 - Cannot read IP mode file for ITTIA_DB.I-CUBE-ITTIADB.8.9.0
2024-11-16 03:37:03,578 [WARN] PackLoader:240 - Cannot read IP mode file for SEGGER.I-CUBE-embOS.1.3.1
2024-11-16 03:37:03,633 [WARN] PackLoader:240 - Cannot read IP mode file for STMicroelectronics.X-CUBE-ALGOBUILD.1.4.0
2024-11-16 03:37:03,636 [WARN] PackLoader:240 - Cannot read IP mode file for STMicroelectronics.X-CUBE-AI.9.1.0
2024-11-16 03:37:03,655 [WARN] PackLoader:240 - Cannot read IP mode file for STMicroelectronics.X-CUBE-AZRTOS-F4.1.1.0
2024-11-16 03:37:03,661 [WARN] PackLoader:240 - Cannot read IP mode file for STMicroelectronics.X-CUBE-ISPU.2.1.0
2024-11-16 03:37:03,666 [WARN] PackLoader:240 - Cannot read IP mode file for STMicroelectronics.X-CUBE-FREERTOS.1.2.0
2024-11-16 03:37:03,686 [WARN] PackLoader:240 - Cannot read IP mode file for STMicroelectronics.X-CUBE-AZRTOS-L5.2.0.0
2024-11-16 03:37:03,695 [WARN] PackLoader:240 - Cannot read IP mode file for STMicroelectronics.X-CUBE-NFC6.3.1.0
2024-11-16 03:37:03,701 [WARN] PackLoader:240 - Cannot read IP mode file for STMicroelectronics.X-CUBE-DPower.1.2.0
2024-11-16 03:37:03,704 [WARN] PackLoader:240 - Cannot read IP mode file for STMicroelectronics.X-CUBE-AI.9.0.0
2024-11-16 03:37:03,707 [WARN] PackLoader:240 - Cannot read IP mode file for STMicroelectronics.X-CUBE-NFC7.1.0.1
2024-11-16 03:37:03,725 [WARN] ConditionMgr:438 - getConditionDescription Invalid condition id : LAN8742 Phy interface Condition cause : null
2024-11-16 03:37:03,726 [WARN] PackLoader:240 - Cannot read IP mode file for STMicroelectronics.X-CUBE-AZRTOS-L4.2.0.0
2024-11-16 03:37:03,727 [WARN] ConditionMgr:1039 - genDependencies : Invalid condition id : LAN8742 Phy interface Condition cause : null
2024-11-16 03:37:03,727 [WARN] ConditionMgr:1039 - genDependencies : Invalid condition id : LAN8742 Phy interface Condition cause : null
2024-11-16 03:37:03,728 [WARN] ConditionMgr:1039 - genDependencies : Invalid condition id : LAN8742 Phy interface Condition cause : null
2024-11-16 03:37:03,734 [WARN] PackLoader:240 - Cannot read IP mode file for STMicroelectronics.X-CUBE-SFXS2LP1.4.0.0
2024-11-16 03:37:03,757 [WARN] PackLoader:240 - Cannot read IP mode file for STMicroelectronics.X-CUBE-AZRTOS-H7.3.3.0
2024-11-16 03:37:03,773 [WARN] PackLoader:240 - Cannot read IP mode file for STMicroelectronics.X-CUBE-IPS.3.0.0
2024-11-16 03:37:03,784 [WARN] ConditionMgr:438 - getConditionDescription Invalid condition id : UX DEVICE CLASS RTOS Condition cause : null
2024-11-16 03:37:03,784 [WARN] ConditionMgr:438 - getConditionDescription Invalid condition id : UX DEVICE CLASS RTOS Condition cause : null
2024-11-16 03:37:03,786 [WARN] PackLoader:240 - Cannot read IP mode file for STMicroelectronics.X-CUBE-AZRTOS-WB.2.0.0
2024-11-16 03:37:03,786 [WARN] ConditionMgr:1039 - genDependencies : Invalid condition id : UX DEVICE CLASS RTOS Condition cause : null
2024-11-16 03:37:03,786 [WARN] ConditionMgr:1039 - genDependencies : Invalid condition id : UX DEVICE CLASS RTOS Condition cause : null
2024-11-16 03:37:03,787 [WARN] ConditionMgr:1039 - genDependencies : Invalid condition id : UX DEVICE CLASS RTOS Condition cause : null
2024-11-16 03:37:03,787 [WARN] ConditionMgr:1039 - genDependencies : Invalid condition id : UX DEVICE CLASS RTOS Condition cause : null
2024-11-16 03:37:03,787 [WARN] ConditionMgr:1039 - genDependencies : Invalid condition id : UX DEVICE CLASS RTOS Condition cause : null
2024-11-16 03:37:03,791 [WARN] PackLoader:240 - Cannot read IP mode file for STMicroelectronics.X-CUBE-GNSS1.7.0.0
2024-11-16 03:37:03,795 [WARN] PackLoader:240 - Cannot read IP mode file for STMicroelectronics.FP-SNS-STBOX1.2.0.0
2024-11-16 03:37:03,803 [WARN] PackLoader:240 - Cannot read IP mode file for STMicroelectronics.X-CUBE-SUBG2.5.0.0
2024-11-16 03:37:03,809 [WARN] PackLoader:240 - Cannot read IP mode file for Cesanta.I-CUBE-Mongoose.7.13.0
2024-11-16 03:37:03,821 [WARN] PackLoader:240 - Cannot read IP mode file for STMicroelectronics.X-CUBE-AZRTOS-G4.2.0.0
2024-11-16 03:37:03,825 [WARN] PackLoader:240 - Cannot read IP mode file for STMicroelectronics.X-CUBE-ALS.1.0.2
2024-11-16 03:37:03,829 [WARN] PackLoader:240 - Cannot read IP mode file for STMicroelectronics.X-CUBE-TOUCHGFX.4.24.1
2024-11-16 03:37:03,831 [WARN] PackLoader:240 - Cannot read IP mode file for wolfSSL.I-CUBE-wolfTPM.3.4.0
2024-11-16 03:37:03,834 [WARN] PackLoader:240 - Cannot read IP mode file for portGmbH.I-Cube-SoM-uGOAL.1.1.0
2024-11-16 03:37:03,846 [WARN] PackLoader:240 - Cannot read IP mode file for STMicroelectronics.X-CUBE-AZRTOS-H7RS.1.0.0
2024-11-16 03:37:03,850 [WARN] PackLoader:240 - Cannot read IP mode file for STMicroelectronics.FP-ATR-ASTRA1.2.0.0
2024-11-16 03:37:03,863 [WARN] PackLoader:240 - Cannot read IP mode file for STMicroelectronics.X-CUBE-TOF1.3.4.2
2024-11-16 03:37:03,890 [WARN] PackLoader:240 - Cannot read IP mode file for Infineon.AIROC-Wi-Fi-Bluetooth-STM32.1.6.1
2024-11-16 03:37:03,896 [WARN] PackLoader:240 - Cannot read IP mode file for wolfSSL.I-CUBE-wolfSSH.1.4.17
2024-11-16 03:37:03,897 [INFO] ThirdParty:978 - Integrity check success = true
2024-11-16 03:37:03,897 [INFO] IntegrityCheckThread:100 - exiting critical section [integrity check]
2024-11-16 03:37:03,897 [INFO] IntegrityCheckThread:103 - End integrity checks thread
2024-11-16 03:40:00,033 [INFO] WebApp:189 - Connection lost
2024-11-16 03:40:00,152 [INFO] WebApp:186 - Connection restablished
2024-11-16 03:40:02,192 [INFO] WebApp:189 - Connection lost
2024-11-16 03:40:02,303 [INFO] WebApp:186 - Connection restablished
2024-11-16 03:42:51,008 [INFO] WebApp:189 - Connection lost
2024-11-16 03:42:51,149 [INFO] WebApp:186 - Connection restablished
