2024-11-16 03:35:50,041 [INFO] Activator:176 - 


2024-11-16 03:35:50,042 [INFO] Activator:177 - !SESSION log4j initialized
2024-11-16 03:35:51,616 [INFO] LogOutputStream:77 - [STDOUT_REDIRECT] 
2024-11-16 03:35:53,029 [INFO] ApplicationProperties:184 - Using Application install path: /opt/st/stm32cubeide_1.16.1/plugins/com.st.stm32cube.common.mx_6.12.1.202409122256
2024-11-16 03:35:53,046 [INFO] DbMcusXml:78 - Set database path to: /opt/st/stm32cubeide_1.16.1/plugins/com.st.stm32cube.common.mx_6.12.1.202409122256//db//mcu/
2024-11-16 03:35:53,046 [INFO] ApiDb:274 - Set plugin database path to: /opt/st/stm32cubeide_1.16.1/plugins/com.st.stm32cube.common.mx_6.12.1.202409122256//db//plugins/boardmanager/
2024-11-16 03:35:53,046 [WARN] ApiDb:259 - Overriding images path with different value:  => /opt/st/stm32cubeide_1.16.1/plugins/com.st.stm32cube.common.mx_6.12.1.202409122256//db//plugins/mcufinder/images/
2024-11-16 03:35:53,052 [INFO] ApiDb:250 - Set database path to: /home/carver/.stmcufinder/plugins/mcufinder//mcu/
2024-11-16 03:35:53,053 [INFO] DbMcusAds:125 - Set database path to: /home/carver/.stmcufinder/plugins/mcufinder//mcu/
2024-11-16 03:35:53,055 [INFO] CrossReferenceDbSqlite:203 - Set database path to: /home/carver/.stmcufinder/plugins/mcufinder//mcu/cs/
2024-11-16 03:35:53,145 [INFO] RulesReader:64 - Compatibility file has been processed (297 Rules)
2024-11-16 03:35:53,186 [INFO] DbMcusXml:78 - Set database path to: /opt/st/stm32cubeide_1.16.1/plugins/com.st.stm32cube.common.mx_6.12.1.202409122256//db//mcu/
2024-11-16 03:35:53,186 [INFO] ApiDb:274 - Set plugin database path to: /opt/st/stm32cubeide_1.16.1/plugins/com.st.stm32cube.common.mx_6.12.1.202409122256//db//plugins/boardmanager/
2024-11-16 03:35:53,186 [INFO] ApiDb:261 - Set plugin images path to: /opt/st/stm32cubeide_1.16.1/plugins/com.st.stm32cube.common.mx_6.12.1.202409122256//db//plugins/mcufinder/images/
2024-11-16 03:35:53,186 [WARN] DbFile:41 - Overriding database path with different value: /home/carver/.stmcufinder/plugins/mcufinder/ => /home/carver/.stmcufinder/plugins/mcufinder
2024-11-16 03:35:53,186 [INFO] ApiDb:250 - Set database path to: /home/carver/.stmcufinder/plugins/mcufinder//mcu/
2024-11-16 03:35:53,186 [WARN] DbFile:41 - Overriding database path with different value: /home/carver/.stmcufinder/plugins/mcufinder/ => /home/carver/.stmcufinder/plugins/mcufinder
2024-11-16 03:35:53,187 [INFO] DbMcusAds:125 - Set database path to: /home/carver/.stmcufinder/plugins/mcufinder//mcu/
2024-11-16 03:35:53,187 [WARN] DbFile:41 - Overriding database path with different value: /home/carver/.stmcufinder/plugins/mcufinder/ => /home/carver/.stmcufinder/plugins/mcufinder
2024-11-16 03:35:53,187 [WARN] DbFile:41 - Overriding database path with different value: /home/carver/.stmcufinder/plugins/mcufinder/ => /home/carver/.stmcufinder/plugins/mcufinder
2024-11-16 03:35:53,187 [INFO] CrossReferenceDbSqlite:203 - Set database path to: /home/carver/.stmcufinder/plugins/mcufinder//mcu/cs/
2024-11-16 03:35:53,239 [INFO] MainPanel:268 - HeapMemory: 268435456
2024-11-16 03:35:53,421 [INFO] DbMcusXml:78 - Set database path to: /opt/st/stm32cubeide_1.16.1/plugins/com.st.stm32cube.common.mx_6.12.1.202409122256//db//mcu/
2024-11-16 03:35:53,421 [INFO] ApiDb:274 - Set plugin database path to: /opt/st/stm32cubeide_1.16.1/plugins/com.st.stm32cube.common.mx_6.12.1.202409122256//db//plugins/boardmanager/
2024-11-16 03:35:53,421 [INFO] ApiDb:261 - Set plugin images path to: /opt/st/stm32cubeide_1.16.1/plugins/com.st.stm32cube.common.mx_6.12.1.202409122256//db//plugins/mcufinder/images/
2024-11-16 03:35:53,422 [WARN] DbFile:41 - Overriding database path with different value: /home/carver/.stmcufinder/plugins/mcufinder/ => /home/carver/.stmcufinder/plugins/mcufinder
2024-11-16 03:35:53,422 [INFO] ApiDb:250 - Set database path to: /home/carver/.stmcufinder/plugins/mcufinder//mcu/
2024-11-16 03:35:53,422 [WARN] DbFile:41 - Overriding database path with different value: /home/carver/.stmcufinder/plugins/mcufinder/ => /home/carver/.stmcufinder/plugins/mcufinder
2024-11-16 03:35:53,422 [INFO] DbMcusAds:125 - Set database path to: /home/carver/.stmcufinder/plugins/mcufinder//mcu/
2024-11-16 03:35:53,422 [WARN] DbFile:41 - Overriding database path with different value: /home/carver/.stmcufinder/plugins/mcufinder/ => /home/carver/.stmcufinder/plugins/mcufinder
2024-11-16 03:35:53,422 [WARN] DbFile:41 - Overriding database path with different value: /home/carver/.stmcufinder/plugins/mcufinder/ => /home/carver/.stmcufinder/plugins/mcufinder
2024-11-16 03:35:53,422 [INFO] CrossReferenceDbSqlite:203 - Set database path to: /home/carver/.stmcufinder/plugins/mcufinder//mcu/cs/
2024-11-16 03:35:53,432 [INFO] ApplicationProperties:184 - Using Application install path: /opt/st/stm32cubeide_1.16.1/plugins/com.st.stm32cube.common.mx_6.12.1.202409122256
2024-11-16 03:35:53,433 [INFO] PluginManage:196 - Search for loadable plugins [exclusion list=, ]
2024-11-16 03:35:53,434 [INFO] PluginManage:310 - Check plugin analytics
2024-11-16 03:35:53,539 [INFO] AnalyticsPlugin:253 - Accepted Software Licenses: 
2024-11-16 03:35:53,539 [INFO] AnalyticsPlugin:255 - Accepted CMSIS Pack Licenses: 
2024-11-16 03:35:53,539 [INFO] AnalyticsPlugin:257 - Accepted Firmware Licenses: FW.H7.1.11.0,FW.G4.1.6.0
2024-11-16 03:35:53,541 [INFO] PluginManage:359 - Loaded plugin analytics (category:tool,tabindex:-1)
2024-11-16 03:35:53,541 [INFO] PluginManage:310 - Check plugin cadmodel
2024-11-16 03:35:53,544 [INFO] CADModel:105 - Init CAD model plugin
2024-11-16 03:35:53,544 [INFO] PluginManage:359 - Loaded plugin cadmodel (category:power,tabindex:5)
2024-11-16 03:35:53,545 [INFO] PluginManage:310 - Check plugin clock
2024-11-16 03:35:53,553 [INFO] PluginManage:359 - Loaded plugin clock (category:base,tabindex:2)
2024-11-16 03:35:53,554 [INFO] PluginManage:310 - Check plugin ddr
2024-11-16 03:35:53,556 [INFO] PluginManage:359 - Loaded plugin ddr (category:tool,tabindex:6)
2024-11-16 03:35:53,556 [INFO] PluginManage:310 - Check plugin filemanager
2024-11-16 03:35:53,682 [INFO] PluginManage:359 - Loaded plugin filemanager (category:base,tabindex:10)
2024-11-16 03:35:53,682 [INFO] PluginManage:310 - Check plugin ipmanager
2024-11-16 03:35:53,687 [INFO] PluginManage:359 - Loaded plugin ipmanager (category:base,tabindex:5)
2024-11-16 03:35:53,687 [INFO] PluginManage:310 - Check plugin lpbam
2024-11-16 03:35:53,695 [INFO] PluginManage:359 - Loaded plugin lpbam (category:base,tabindex:0)
2024-11-16 03:35:53,695 [INFO] PluginManage:310 - Check plugin memorymap
2024-11-16 03:35:53,706 [INFO] PluginManage:359 - Loaded plugin memorymap (category:base,tabindex:4)
2024-11-16 03:35:53,706 [INFO] PluginManage:310 - Check plugin pinoutandconfiguration
2024-11-16 03:35:53,713 [INFO] PluginManage:359 - Loaded plugin pinoutandconfiguration (category:base,tabindex:1)
2024-11-16 03:35:53,713 [INFO] PluginManage:310 - Check plugin pinoutconfig
2024-11-16 03:35:53,785 [WARN] SupportedApi:132 - Cannot load RTOS API schema: s4s-elt-must-match.1: The content of 'definitions' must match (annotation?, (simpleType | complexType)?, (unique | key | keyref)*)). A problem was found starting at: attribute.
2024-11-16 03:35:53,880 [INFO] PluginManage:359 - Loaded plugin pinoutconfig (category:base,tabindex:0)
2024-11-16 03:35:53,880 [INFO] PluginManage:310 - Check plugin power
2024-11-16 03:35:53,887 [INFO] PluginManage:359 - Loaded plugin power (category:power,tabindex:4)
2024-11-16 03:35:53,887 [INFO] PluginManage:310 - Check plugin projectmanager
2024-11-16 03:35:53,899 [INFO] PluginManage:359 - Loaded plugin projectmanager (category:projectmanager,tabindex:4)
2024-11-16 03:35:53,899 [INFO] PluginManage:310 - Check plugin rif
2024-11-16 03:35:53,903 [INFO] PluginManage:359 - Loaded plugin rif (category:base,tabindex:3)
2024-11-16 03:35:53,903 [INFO] PluginManage:310 - Check plugin thirdparty
2024-11-16 03:35:53,992 [WARN] IntegrityCheckThread:84 - waiting for thirdparty lock release [integrity check]
2024-11-16 03:35:53,992 [INFO] PluginManage:359 - Loaded plugin thirdparty (category:base,tabindex:-1)
2024-11-16 03:35:53,992 [INFO] IntegrityCheckThread:86 - entering critical section [integrity check]
2024-11-16 03:35:53,992 [INFO] PluginManage:310 - Check plugin tools
2024-11-16 03:35:53,992 [INFO] ThirdPartyUpdaterWithRetryManager:70 - Updater plugin not ready yet. [1/15]
2024-11-16 03:35:53,994 [INFO] PluginManage:359 - Loaded plugin tools (category:base,tabindex:7)
2024-11-16 03:35:53,994 [INFO] PluginManage:310 - Check plugin tutovideos
2024-11-16 03:35:54,113 [INFO] PluginManage:359 - Loaded plugin tutovideos (category:base,tabindex:-1)
2024-11-16 03:35:54,113 [INFO] PluginManage:310 - Check plugin updater
2024-11-16 03:35:54,126 [INFO] PluginManage:359 - Loaded plugin updater (category:base,tabindex:12)
2024-11-16 03:35:54,126 [INFO] PluginManage:310 - Check plugin userauth
2024-11-16 03:35:54,130 [INFO] UserAuth:113 - Init User Auth plugin
2024-11-16 03:35:54,130 [INFO] PluginManage:359 - Loaded plugin userauth (category:base,tabindex:14)
2024-11-16 03:35:54,130 [INFO] PluginManage:283 - PluginManage : Loaded plugins [18]
2024-11-16 03:35:54,248 [INFO] PinOutPanel:1561 - setPackage(No Configuration,No Configuration)
2024-11-16 03:35:54,303 [INFO] CADModel:165 - CPN selected for project level
2024-11-16 03:35:54,303 [INFO] CADModel:114 - Register for checkConnection events
2024-11-16 03:35:54,312 [INFO] IPUIPlugin:80 - create IPUIPlugin
2024-11-16 03:35:54,312 [INFO] PluginManager:220 - loadIPPluginJar : add aes
2024-11-16 03:35:54,314 [INFO] IPUIPlugin:80 - create IPUIPlugin
2024-11-16 03:35:54,314 [INFO] PluginManager:220 - loadIPPluginJar : add can
2024-11-16 03:35:54,320 [INFO] IPUIPlugin:80 - create IPUIPlugin
2024-11-16 03:35:54,320 [INFO] PluginManager:220 - loadIPPluginJar : add stm32_wpan
2024-11-16 03:35:54,322 [INFO] IPUIPlugin:80 - create IPUIPlugin
2024-11-16 03:35:54,322 [INFO] PluginManager:220 - loadIPPluginJar : add sai
2024-11-16 03:35:54,324 [INFO] IPUIPlugin:80 - create IPUIPlugin
2024-11-16 03:35:54,324 [INFO] PluginManager:220 - loadIPPluginJar : add ddr_ctrl_phy
2024-11-16 03:35:54,325 [INFO] IPUIPlugin:80 - create IPUIPlugin
2024-11-16 03:35:54,325 [INFO] PluginManager:220 - loadIPPluginJar : add lorawan
2024-11-16 03:35:54,331 [INFO] IPUIPlugin:80 - create IPUIPlugin
2024-11-16 03:35:54,332 [INFO] PluginManager:220 - loadIPPluginJar : add mdma
2024-11-16 03:35:54,333 [INFO] IPUIPlugin:80 - create IPUIPlugin
2024-11-16 03:35:54,333 [INFO] PluginManager:220 - loadIPPluginJar : add gfxmmu
2024-11-16 03:35:54,338 [INFO] IPUIPlugin:80 - create IPUIPlugin
2024-11-16 03:35:54,338 [INFO] PluginManager:220 - loadIPPluginJar : add dma
2024-11-16 03:35:54,341 [INFO] IPUIPlugin:80 - create IPUIPlugin
2024-11-16 03:35:54,341 [INFO] PluginManager:220 - loadIPPluginJar : add extmemmanager
2024-11-16 03:35:54,346 [INFO] IPUIPlugin:80 - create IPUIPlugin
2024-11-16 03:35:54,346 [INFO] PluginManager:220 - loadIPPluginJar : add freertos
2024-11-16 03:35:54,348 [INFO] IPUIPlugin:80 - create IPUIPlugin
2024-11-16 03:35:54,348 [INFO] PluginManager:220 - loadIPPluginJar : add radio
2024-11-16 03:35:54,349 [INFO] IPUIPlugin:80 - create IPUIPlugin
2024-11-16 03:35:54,349 [INFO] PluginManager:220 - loadIPPluginJar : add fatfs
2024-11-16 03:35:54,352 [INFO] IPUIPlugin:80 - create IPUIPlugin
2024-11-16 03:35:54,352 [INFO] PluginManager:220 - loadIPPluginJar : add openamp
2024-11-16 03:35:54,353 [INFO] IPUIPlugin:80 - create IPUIPlugin
2024-11-16 03:35:54,353 [INFO] PluginManager:220 - loadIPPluginJar : add tsc
2024-11-16 03:35:54,355 [INFO] IPUIPlugin:80 - create IPUIPlugin
2024-11-16 03:35:54,355 [INFO] PluginManager:220 - loadIPPluginJar : add cryp
2024-11-16 03:35:54,357 [INFO] IPUIPlugin:80 - create IPUIPlugin
2024-11-16 03:35:54,357 [INFO] PluginManager:220 - loadIPPluginJar : add usart
2024-11-16 03:35:54,359 [INFO] IPUIPlugin:80 - create IPUIPlugin
2024-11-16 03:35:54,359 [INFO] PluginManager:220 - loadIPPluginJar : add i2c
2024-11-16 03:35:54,364 [INFO] IPUIPlugin:80 - create IPUIPlugin
2024-11-16 03:35:54,364 [INFO] PluginManager:220 - loadIPPluginJar : add adc
2024-11-16 03:35:54,365 [INFO] IPUIPlugin:80 - create IPUIPlugin
2024-11-16 03:35:54,365 [INFO] PluginManager:220 - loadIPPluginJar : add tim
2024-11-16 03:35:54,367 [INFO] IPUIPlugin:80 - create IPUIPlugin
2024-11-16 03:35:54,367 [INFO] PluginManager:220 - loadIPPluginJar : add usbx
2024-11-16 03:35:54,369 [INFO] IPUIPlugin:80 - create IPUIPlugin
2024-11-16 03:35:54,369 [INFO] PluginManager:220 - loadIPPluginJar : add ts
2024-11-16 03:35:54,374 [INFO] IPUIPlugin:80 - create IPUIPlugin
2024-11-16 03:35:54,375 [INFO] PluginManager:220 - loadIPPluginJar : add linkedlist
2024-11-16 03:35:54,377 [INFO] IPUIPlugin:80 - create IPUIPlugin
2024-11-16 03:35:54,377 [INFO] PluginManager:220 - loadIPPluginJar : add resmgrutility
2024-11-16 03:35:54,381 [INFO] IPUIPlugin:80 - create IPUIPlugin
2024-11-16 03:35:54,383 [INFO] PluginManager:220 - loadIPPluginJar : add plateformsettings
2024-11-16 03:35:54,384 [INFO] IPUIPlugin:80 - create IPUIPlugin
2024-11-16 03:35:54,384 [INFO] PluginManager:220 - loadIPPluginJar : add i3c
2024-11-16 03:35:54,385 [INFO] IPUIPlugin:80 - create IPUIPlugin
2024-11-16 03:35:54,385 [INFO] PluginManager:220 - loadIPPluginJar : add ltdc
2024-11-16 03:35:54,386 [INFO] IPUIPlugin:80 - create IPUIPlugin
2024-11-16 03:35:54,387 [INFO] PluginManager:220 - loadIPPluginJar : add dma3
2024-11-16 03:35:54,388 [INFO] IPUIPlugin:80 - create IPUIPlugin
2024-11-16 03:35:54,388 [INFO] PluginManager:220 - loadIPPluginJar : add tracer_emb
2024-11-16 03:35:54,390 [INFO] IPUIPlugin:80 - create IPUIPlugin
2024-11-16 03:35:54,390 [INFO] PluginManager:220 - loadIPPluginJar : add hash
2024-11-16 03:35:54,392 [INFO] IPUIPlugin:80 - create IPUIPlugin
2024-11-16 03:35:54,393 [INFO] PluginManager:220 - loadIPPluginJar : add gpio
2024-11-16 03:35:54,394 [INFO] IPUIPlugin:80 - create IPUIPlugin
2024-11-16 03:35:54,395 [INFO] PluginManager:220 - loadIPPluginJar : add touchsensing
2024-11-16 03:35:54,396 [INFO] IPUIPlugin:80 - create IPUIPlugin
2024-11-16 03:35:54,396 [INFO] PluginManager:220 - loadIPPluginJar : add gtzc
2024-11-16 03:35:54,398 [INFO] IPUIPlugin:80 - create IPUIPlugin
2024-11-16 03:35:54,398 [INFO] PluginManager:220 - loadIPPluginJar : add pdm2pcm
2024-11-16 03:35:54,401 [INFO] IPUIPlugin:80 - create IPUIPlugin
2024-11-16 03:35:54,401 [INFO] PluginManager:220 - loadIPPluginJar : add gic
2024-11-16 03:35:54,403 [INFO] IPUIPlugin:80 - create IPUIPlugin
2024-11-16 03:35:54,403 [INFO] PluginManager:220 - loadIPPluginJar : add fmc
2024-11-16 03:35:54,404 [INFO] IPUIPlugin:80 - create IPUIPlugin
2024-11-16 03:35:54,404 [INFO] PluginManager:220 - loadIPPluginJar : add comp
2024-11-16 03:35:54,407 [INFO] IPUIPlugin:80 - create IPUIPlugin
2024-11-16 03:35:54,407 [INFO] PluginManager:220 - loadIPPluginJar : add ipddr
2024-11-16 03:35:54,408 [INFO] IPUIPlugin:80 - create IPUIPlugin
2024-11-16 03:35:54,409 [INFO] PluginManager:220 - loadIPPluginJar : add i2s
2024-11-16 03:35:54,410 [INFO] IPUIPlugin:80 - create IPUIPlugin
2024-11-16 03:35:54,410 [INFO] PluginManager:220 - loadIPPluginJar : add spi
2024-11-16 03:35:54,411 [INFO] IPUIPlugin:80 - create IPUIPlugin
2024-11-16 03:35:54,411 [INFO] PluginManager:220 - loadIPPluginJar : add ucpd
2024-11-16 03:35:54,412 [INFO] IPUIPlugin:80 - create IPUIPlugin
2024-11-16 03:35:54,412 [INFO] PluginManager:220 - loadIPPluginJar : add dfsdm
2024-11-16 03:35:54,414 [INFO] IPUIPlugin:80 - create IPUIPlugin
2024-11-16 03:35:54,414 [INFO] PluginManager:220 - loadIPPluginJar : add opamp
2024-11-16 03:35:54,416 [INFO] IPUIPlugin:80 - create IPUIPlugin
2024-11-16 03:35:54,417 [INFO] PluginManager:220 - loadIPPluginJar : add nvic
2024-11-16 03:35:54,417 [INFO] IPUIPlugin:80 - create IPUIPlugin
2024-11-16 03:35:54,418 [INFO] PluginManager:220 - loadIPPluginJar : add quadspi
2024-11-16 03:35:54,418 [INFO] IPUIPlugin:80 - create IPUIPlugin
2024-11-16 03:35:54,418 [INFO] PluginManager:220 - loadIPPluginJar : add genericplugin
2024-11-16 03:35:54,509 [INFO] CADModel:165 - CPN selected for project level
2024-11-16 03:35:54,509 [INFO] CADModel:114 - Register for checkConnection events
2024-11-16 03:35:54,509 [FATAL] Updater:334 - Updater called before beeing initialized
2024-11-16 03:35:54,509 [ERROR] CADModel:125 - Updater not yet initialized, retry later 
2024-11-16 03:35:54,589 [INFO] CADModel:165 - CPN selected for project level
2024-11-16 03:35:54,589 [INFO] CADModel:114 - Register for checkConnection events
2024-11-16 03:35:54,589 [FATAL] Updater:334 - Updater called before beeing initialized
2024-11-16 03:35:54,589 [ERROR] CADModel:125 - Updater not yet initialized, retry later 
2024-11-16 03:35:54,593 [FATAL] Updater:334 - Updater called before beeing initialized
2024-11-16 03:35:54,657 [FATAL] Updater:334 - Updater called before beeing initialized
2024-11-16 03:35:54,660 [INFO] DbMcusAds:53 - JSON generation date=Fri Sep 20 20:04:23 ICT 2024 (1726837463113)
2024-11-16 03:35:54,660 [FATAL] Updater:334 - Updater called before beeing initialized
2024-11-16 03:35:54,685 [WARN] DetailPanel:346 - Failed to get advertising image, set to default
2024-11-16 03:35:54,740 [FATAL] Updater:334 - Updater called before beeing initialized
2024-11-16 03:35:54,741 [FATAL] Updater:334 - Updater called before beeing initialized
2024-11-16 03:35:54,742 [FATAL] Updater:334 - Updater called before beeing initialized
2024-11-16 03:35:54,742 [WARN] DetailPanel:346 - Failed to get advertising image, set to default
2024-11-16 03:35:54,742 [FATAL] Updater:334 - Updater called before beeing initialized
2024-11-16 03:35:54,764 [ERROR] Updater:1164 - MainUpdater not yet initialized. External WinMGr cannot be set.
2024-11-16 03:35:54,765 [INFO] Updater:1100 - Updater Version found : 6.12.1
2024-11-16 03:35:54,781 [INFO] ApplicationProperties:184 - Using Application install path: /opt/st/stm32cubeide_1.16.1/plugins/com.st.stm32cube.common.mx_6.12.1.202409122256
2024-11-16 03:35:55,070 [INFO] MainUpdater:2873 - connection check result : 10
2024-11-16 03:35:55,070 [INFO] MainUpdater:3567 - Updater definition file requires update
2024-11-16 03:35:55,070 [INFO] MainUpdater:290 - Updater Check For Update Now.
2024-11-16 03:35:55,071 [INFO] MicroXplorer:498 - Change Database Version : DB.6.0.121
2024-11-16 03:35:55,080 [INFO] McuFinderGlobals:63 - Set McuFinder mode to 2 (CubeIDE integrated)
2024-11-16 03:35:55,080 [INFO] UserAuth:417 - Internet connection configuration mode: 1
2024-11-16 03:35:55,089 [INFO] JxBrowserEngine:152 - Initiate JxBrowser Engine with user profile folder
2024-11-16 03:35:55,223 [INFO] ServerAccessManage:473 - Download File updaters.zip
2024-11-16 03:35:55,265 [INFO] FileExtend:240 - Unzip File : updaters.zip
2024-11-16 03:35:55,265 [INFO] FileExtend:255 - Standard Zip Deflate
2024-11-16 03:35:55,424 [INFO] ServerAccessManage:473 - Download File PacksControlFlags.xml
2024-11-16 03:35:55,539 [INFO] ServerAccessManage:473 - Download File cubemx.pidx
2024-11-16 03:35:55,712 [INFO] ServerAccessManage:473 - Download File STMicroelectronics.FP-ATR-ASTRA1.pdsc
2024-11-16 03:35:55,948 [INFO] WebApp:167 - Instantiating new browser for Auth
2024-11-16 03:35:56,583 [INFO] WebApp:448 - Apply proxy settings
2024-11-16 03:35:56,583 [INFO] WebApp:533 - Chromium requires no authentication
2024-11-16 03:35:56,589 [INFO] WebApp:476 - Direct internet connection detected
2024-11-16 03:35:56,603 [INFO] WebApp:869 - Register for checkConnection events
2024-11-16 03:35:56,603 [INFO] WebApp:448 - Apply proxy settings
2024-11-16 03:35:56,603 [INFO] WebApp:533 - Chromium requires no authentication
2024-11-16 03:35:56,604 [INFO] WebApp:476 - Direct internet connection detected
2024-11-16 03:35:56,710 [INFO] WebApp:220 - Starting web application
2024-11-16 03:35:56,710 [INFO] WebApp:578 - Web application path used /opt/st/stm32cubeide_1.16.1/plugins/com.st.stm32cube.common.mx_6.12.1.202409122256/db/plugins/mcufinder/reactClient1/index.html
2024-11-16 03:35:56,806 [INFO] UserAuth:417 - Internet connection configuration mode: 1
2024-11-16 03:35:56,822 [INFO] WebApp:186 - Connection restablished
2024-11-16 03:35:56,993 [WARN] MainUpdater:1194 - Updater busy. Cannot search thirdparties
2024-11-16 03:35:56,993 [INFO] ThirdPartyUpdaterWithRetryManager:96 - Updater plugin is busy. [1/15]
2024-11-16 03:35:59,937 [INFO] ServerAccessManage:473 - Download File quantropi.X-CUBE-qispace-sdk-base.pdsc
2024-11-16 03:35:59,993 [WARN] MainUpdater:1194 - Updater busy. Cannot search thirdparties
2024-11-16 03:35:59,993 [INFO] ThirdPartyUpdaterWithRetryManager:96 - Updater plugin is busy. [2/15]
2024-11-16 03:36:00,293 [WARN] PackLoader:240 - Cannot read IP mode file for STMicroelectronics.FP-ATR-ASTRA1.2.0.1
2024-11-16 03:36:00,299 [WARN] ConditionMgr:438 - getConditionDescription Invalid condition id : Cortex-A Device cause : null
2024-11-16 03:36:00,307 [WARN] ConditionMgr:1039 - genDependencies : Invalid condition id : Cortex-A Device cause : null
2024-11-16 03:36:00,307 [WARN] ConditionMgr:1039 - genDependencies : Invalid condition id : Cortex-A Device cause : null
2024-11-16 03:36:00,307 [WARN] ConditionMgr:1039 - genDependencies : Invalid condition id : Cortex-A Device cause : null
2024-11-16 03:36:00,307 [INFO] PopulateThirdPartyThread:66 - Ending populate Thread
2024-11-16 03:36:00,308 [INFO] ThirdParty:1030 - CMSIS Pack Vendor :STMicroelectronics FP-ATR-ASTRA1 2.0.1
2024-11-16 03:36:00,308 [INFO] ThirdParty:1030 - CMSIS Pack Vendor :quantropi X-CUBE-qispace-sdk-base 1.9.3
2024-11-16 03:36:00,309 [INFO] LoadServerUpdatesThread:375 - End of LoadServerUpdate Thread
2024-11-16 03:36:00,414 [INFO] CheckServerUpdateThread:120 - End of CheckServer Thread
2024-11-16 03:36:03,065 [WARN] PackLoader:240 - Cannot read IP mode file for STMicroelectronics.FP-SNS-MOTENVWB1.1.4.0
2024-11-16 03:36:03,068 [WARN] PackLoader:240 - Cannot read IP mode file for STMicroelectronics.FP-ATR-ASTRA1.2.0.1
2024-11-16 03:36:03,072 [WARN] PackLoader:240 - Cannot read IP mode file for STMicroelectronics.X-CUBE-SMBUS.2.1.0
2024-11-16 03:36:03,077 [WARN] PackLoader:240 - Cannot read IP mode file for STMicroelectronics.X-CUBE-WB05N.1.1.0
2024-11-16 03:36:03,102 [WARN] PackLoader:240 - Cannot read IP mode file for STMicroelectronics.X-CUBE-AZRTOS-F7.1.1.0
2024-11-16 03:36:03,162 [WARN] PackLoader:240 - Cannot read IP mode file for STMicroelectronics.X-CUBE-MEMS1.11.0.0
2024-11-16 03:36:03,321 [WARN] PackLoader:240 - Cannot read IP mode file for STMicroelectronics.FP-SNS-FLIGHT1.5.0.2
2024-11-16 03:36:03,328 [WARN] PackLoader:240 - Cannot read IP mode file for STMicroelectronics.X-CUBE-DISPLAY.3.0.0
2024-11-16 03:36:03,335 [WARN] PackLoader:240 - Cannot read IP mode file for STMicroelectronics.X-CUBE-BLE1.7.0.0
2024-11-16 03:36:03,353 [WARN] PackLoader:240 - Cannot read IP mode file for STMicroelectronics.X-CUBE-NFC10.1.0.0
2024-11-16 03:36:03,359 [WARN] PackLoader:240 - Cannot read IP mode file for emotas.I-CUBE-CANOPEN.1.3.0
2024-11-16 03:36:03,369 [WARN] PackLoader:240 - Cannot read IP mode file for STMicroelectronics.X-CUBE-BLEMGR.3.1.0
2024-11-16 03:36:03,375 [WARN] PackLoader:240 - Cannot read IP mode file for STMicroelectronics.FP-SNS-SMARTAG2.1.2.0
2024-11-16 03:36:03,384 [INFO] LogOutputStream:77 - [STDOUT_REDIRECT] 1 : Invalid condition id : UX_CORESTACK_Condition cause : null
2024-11-16 03:36:03,385 [INFO] LogOutputStream:77 - [STDOUT_REDIRECT] 1 : Invalid condition id : UX_CORESTACK_Condition cause : null
2024-11-16 03:36:03,385 [INFO] LogOutputStream:77 - [STDOUT_REDIRECT] 1 : Invalid condition id : UX_CORESTACK_Condition cause : null
2024-11-16 03:36:03,385 [INFO] LogOutputStream:77 - [STDOUT_REDIRECT] 1 : Invalid condition id : UX_CORESTACK_Condition cause : null
2024-11-16 03:36:03,385 [INFO] LogOutputStream:77 - [STDOUT_REDIRECT] 1 : Invalid condition id : UX_CORESTACK_Condition cause : null
2024-11-16 03:36:03,390 [WARN] PackLoader:240 - Cannot read IP mode file for STMicroelectronics.X-CUBE-AZRTOS-WL.2.0.0
2024-11-16 03:36:03,395 [WARN] PackLoader:240 - Cannot read IP mode file for STMicroelectronics.FP-SNS-MOTENV1.5.0.0
2024-11-16 03:36:03,399 [WARN] PackLoader:240 - Cannot read IP mode file for wolfSSL.I-CUBE-wolfMQTT.1.19.0
2024-11-16 03:36:03,405 [WARN] PackLoader:240 - Cannot read IP mode file for WES.I-CUBE-Cesium.1.3.0
2024-11-16 03:36:03,409 [WARN] PackLoader:240 - Cannot read IP mode file for STMicroelectronics.X-CUBE-BLE2.3.3.0
2024-11-16 03:36:03,415 [WARN] PackLoader:240 - Cannot read IP mode file for STMicroelectronics.X-CUBE-NFC9.1.0.0
2024-11-16 03:36:03,422 [WARN] PackLoader:240 - Cannot read IP mode file for STMicroelectronics.X-CUBE-TCPP.4.1.0
2024-11-16 03:36:03,440 [WARN] PackLoader:240 - Cannot read IP mode file for STMicroelectronics.X-CUBE-AZRTOS-G0.1.1.0
2024-11-16 03:36:03,448 [WARN] PackLoader:240 - Cannot read IP mode file for STMicroelectronics.X-CUBE-SAFEA1.1.2.2
2024-11-16 03:36:03,454 [WARN] PackLoader:240 - Cannot read IP mode file for STMicroelectronics.X-CUBE-NFC4.3.0.0
2024-11-16 03:36:03,465 [WARN] PackLoader:240 - Cannot read IP mode file for EmbeddedOffice.I-CUBE-FS-RTOS.1.0.1
2024-11-16 03:36:03,465 [ERROR] ConditionMgr:805 - Attr not supported : Dmpu
2024-11-16 03:36:03,466 [ERROR] ConditionMgr:805 - Attr not supported : Dmpu
2024-11-16 03:36:03,466 [ERROR] ConditionMgr:805 - Attr not supported : Dmpu
2024-11-16 03:36:03,466 [ERROR] ConditionMgr:805 - Attr not supported : Dmpu
2024-11-16 03:36:03,466 [ERROR] ConditionMgr:805 - Attr not supported : Dmpu
2024-11-16 03:36:03,466 [ERROR] ConditionMgr:805 - Attr not supported : Dmpu
2024-11-16 03:36:03,466 [ERROR] ConditionMgr:805 - Attr not supported : Dmpu
2024-11-16 03:36:03,466 [ERROR] ConditionMgr:805 - Attr not supported : Dmpu
2024-11-16 03:36:03,466 [ERROR] ConditionMgr:805 - Attr not supported : Dmpu
2024-11-16 03:36:03,466 [ERROR] ConditionMgr:805 - Attr not supported : Dmpu
2024-11-16 03:36:03,466 [ERROR] ConditionMgr:805 - Attr not supported : Dmpu
2024-11-16 03:36:03,466 [ERROR] ConditionMgr:805 - Attr not supported : Dmpu
2024-11-16 03:36:03,466 [ERROR] ConditionMgr:805 - Attr not supported : Dmpu
2024-11-16 03:36:03,466 [ERROR] ConditionMgr:805 - Attr not supported : Dmpu
2024-11-16 03:36:03,466 [ERROR] ConditionMgr:805 - Attr not supported : Dmpu
2024-11-16 03:36:03,466 [ERROR] ConditionMgr:805 - Attr not supported : Dmpu
2024-11-16 03:36:03,466 [ERROR] ConditionMgr:805 - Attr not supported : Dmpu
2024-11-16 03:36:03,466 [ERROR] ConditionMgr:805 - Attr not supported : Dmpu
2024-11-16 03:36:03,466 [ERROR] ConditionMgr:805 - Attr not supported : Dmpu
2024-11-16 03:36:03,466 [ERROR] ConditionMgr:805 - Attr not supported : Dmpu
2024-11-16 03:36:03,466 [ERROR] ConditionMgr:805 - Attr not supported : Dmpu
2024-11-16 03:36:03,466 [ERROR] ConditionMgr:805 - Attr not supported : Dmpu
2024-11-16 03:36:03,467 [ERROR] ConditionMgr:805 - Attr not supported : Dmpu
2024-11-16 03:36:03,467 [ERROR] ConditionMgr:805 - Attr not supported : Dmpu
2024-11-16 03:36:03,467 [ERROR] ConditionMgr:805 - Attr not supported : Dmpu
2024-11-16 03:36:03,467 [ERROR] ConditionMgr:805 - Attr not supported : Dmpu
2024-11-16 03:36:03,467 [ERROR] ConditionMgr:805 - Attr not supported : Dmpu
2024-11-16 03:36:03,467 [ERROR] ConditionMgr:805 - Attr not supported : Dmpu
2024-11-16 03:36:03,467 [ERROR] ConditionMgr:805 - Attr not supported : Dmpu
2024-11-16 03:36:03,467 [ERROR] ConditionMgr:805 - Attr not supported : Dmpu
2024-11-16 03:36:03,467 [ERROR] ConditionMgr:805 - Attr not supported : Dmpu
2024-11-16 03:36:03,467 [ERROR] ConditionMgr:805 - Attr not supported : Dmpu
2024-11-16 03:36:03,467 [ERROR] ConditionMgr:805 - Attr not supported : Dmpu
2024-11-16 03:36:03,467 [ERROR] ConditionMgr:805 - Attr not supported : Dmpu
2024-11-16 03:36:03,467 [ERROR] ConditionMgr:805 - Attr not supported : Dmpu
2024-11-16 03:36:03,467 [ERROR] ConditionMgr:805 - Attr not supported : Dmpu
2024-11-16 03:36:03,467 [ERROR] ConditionMgr:805 - Attr not supported : Dmpu
2024-11-16 03:36:03,467 [ERROR] ConditionMgr:805 - Attr not supported : Dmpu
2024-11-16 03:36:03,467 [ERROR] ConditionMgr:805 - Attr not supported : Dmpu
2024-11-16 03:36:03,467 [ERROR] ConditionMgr:805 - Attr not supported : Dmpu
2024-11-16 03:36:03,467 [ERROR] ConditionMgr:805 - Attr not supported : Dmpu
2024-11-16 03:36:03,468 [ERROR] ConditionMgr:805 - Attr not supported : Dmpu
2024-11-16 03:36:03,468 [ERROR] ConditionMgr:805 - Attr not supported : Dmpu
2024-11-16 03:36:03,468 [ERROR] ConditionMgr:805 - Attr not supported : Dmpu
2024-11-16 03:36:03,468 [ERROR] ConditionMgr:805 - Attr not supported : Dmpu
2024-11-16 03:36:03,468 [ERROR] ConditionMgr:805 - Attr not supported : Dmpu
2024-11-16 03:36:03,468 [ERROR] ConditionMgr:805 - Attr not supported : Dmpu
2024-11-16 03:36:03,468 [ERROR] ConditionMgr:805 - Attr not supported : Dmpu
2024-11-16 03:36:03,468 [ERROR] ConditionMgr:805 - Attr not supported : Dmpu
2024-11-16 03:36:03,468 [ERROR] ConditionMgr:805 - Attr not supported : Dmpu
2024-11-16 03:36:03,468 [ERROR] ConditionMgr:805 - Attr not supported : Dmpu
2024-11-16 03:36:03,468 [ERROR] ConditionMgr:805 - Attr not supported : Dmpu
2024-11-16 03:36:03,468 [ERROR] ConditionMgr:805 - Attr not supported : Dmpu
2024-11-16 03:36:03,468 [ERROR] ConditionMgr:805 - Attr not supported : Dmpu
2024-11-16 03:36:03,468 [ERROR] ConditionMgr:805 - Attr not supported : Dmpu
2024-11-16 03:36:03,468 [ERROR] ConditionMgr:805 - Attr not supported : Dmpu
2024-11-16 03:36:03,468 [ERROR] ConditionMgr:805 - Attr not supported : Dmpu
2024-11-16 03:36:03,468 [ERROR] ConditionMgr:805 - Attr not supported : Dmpu
2024-11-16 03:36:03,469 [ERROR] ConditionMgr:805 - Attr not supported : Dmpu
2024-11-16 03:36:03,469 [ERROR] ConditionMgr:805 - Attr not supported : Dmpu
2024-11-16 03:36:03,469 [ERROR] ConditionMgr:805 - Attr not supported : Dmpu
2024-11-16 03:36:03,469 [ERROR] ConditionMgr:805 - Attr not supported : Dmpu
2024-11-16 03:36:03,469 [ERROR] ConditionMgr:805 - Attr not supported : Dmpu
2024-11-16 03:36:03,469 [ERROR] ConditionMgr:805 - Attr not supported : Dmpu
2024-11-16 03:36:03,472 [WARN] PackLoader:240 - Cannot read IP mode file for RealThread.X-CUBE-RT-Thread_Nano.4.1.1
2024-11-16 03:36:03,475 [WARN] PackLoader:240 - Cannot read IP mode file for STMicroelectronics.FP-ATR-SIGFOX1.3.2.0
2024-11-16 03:36:03,479 [WARN] PackLoader:240 - Cannot read IP mode file for wolfSSL.I-CUBE-wolfSSL.5.7.2
2024-11-16 03:36:03,481 [WARN] ConditionMgr:438 - getConditionDescription Invalid condition id : Cortex-A Device cause : null
2024-11-16 03:36:03,485 [WARN] ConditionMgr:1039 - genDependencies : Invalid condition id : Cortex-A Device cause : null
2024-11-16 03:36:03,485 [WARN] ConditionMgr:1039 - genDependencies : Invalid condition id : Cortex-A Device cause : null
2024-11-16 03:36:03,485 [WARN] ConditionMgr:1039 - genDependencies : Invalid condition id : Cortex-A Device cause : null
2024-11-16 03:36:03,490 [WARN] PackLoader:240 - Cannot read IP mode file for STMicroelectronics.X-CUBE-EEPRMA1.5.1.0
2024-11-16 03:36:03,496 [WARN] PackLoader:240 - Cannot read IP mode file for ITTIA_DB.I-CUBE-ITTIADB.8.9.0
2024-11-16 03:36:03,527 [WARN] PackLoader:240 - Cannot read IP mode file for SEGGER.I-CUBE-embOS.1.3.1
2024-11-16 03:36:03,566 [WARN] PackLoader:240 - Cannot read IP mode file for STMicroelectronics.X-CUBE-ALGOBUILD.1.4.0
2024-11-16 03:36:03,569 [WARN] PackLoader:240 - Cannot read IP mode file for STMicroelectronics.X-CUBE-AI.9.1.0
2024-11-16 03:36:03,582 [WARN] PackLoader:240 - Cannot read IP mode file for STMicroelectronics.X-CUBE-AZRTOS-F4.1.1.0
2024-11-16 03:36:03,587 [WARN] PackLoader:240 - Cannot read IP mode file for STMicroelectronics.X-CUBE-ISPU.2.1.0
2024-11-16 03:36:03,590 [WARN] PackLoader:240 - Cannot read IP mode file for STMicroelectronics.X-CUBE-FREERTOS.1.2.0
2024-11-16 03:36:03,603 [WARN] PackLoader:240 - Cannot read IP mode file for STMicroelectronics.X-CUBE-AZRTOS-L5.2.0.0
2024-11-16 03:36:03,610 [WARN] PackLoader:240 - Cannot read IP mode file for STMicroelectronics.X-CUBE-NFC6.3.1.0
2024-11-16 03:36:03,616 [WARN] PackLoader:240 - Cannot read IP mode file for STMicroelectronics.X-CUBE-DPower.1.2.0
2024-11-16 03:36:03,619 [WARN] PackLoader:240 - Cannot read IP mode file for STMicroelectronics.X-CUBE-AI.9.0.0
2024-11-16 03:36:03,622 [WARN] PackLoader:240 - Cannot read IP mode file for STMicroelectronics.X-CUBE-NFC7.1.0.1
2024-11-16 03:36:03,637 [WARN] ConditionMgr:438 - getConditionDescription Invalid condition id : LAN8742 Phy interface Condition cause : null
2024-11-16 03:36:03,637 [WARN] PackLoader:240 - Cannot read IP mode file for STMicroelectronics.X-CUBE-AZRTOS-L4.2.0.0
2024-11-16 03:36:03,638 [WARN] ConditionMgr:1039 - genDependencies : Invalid condition id : LAN8742 Phy interface Condition cause : null
2024-11-16 03:36:03,639 [WARN] ConditionMgr:1039 - genDependencies : Invalid condition id : LAN8742 Phy interface Condition cause : null
2024-11-16 03:36:03,639 [WARN] ConditionMgr:1039 - genDependencies : Invalid condition id : LAN8742 Phy interface Condition cause : null
2024-11-16 03:36:03,644 [WARN] PackLoader:240 - Cannot read IP mode file for STMicroelectronics.X-CUBE-SFXS2LP1.4.0.0
2024-11-16 03:36:03,661 [WARN] PackLoader:240 - Cannot read IP mode file for STMicroelectronics.X-CUBE-AZRTOS-H7.3.3.0
2024-11-16 03:36:03,672 [WARN] PackLoader:240 - Cannot read IP mode file for STMicroelectronics.X-CUBE-IPS.3.0.0
2024-11-16 03:36:03,685 [WARN] ConditionMgr:438 - getConditionDescription Invalid condition id : UX DEVICE CLASS RTOS Condition cause : null
2024-11-16 03:36:03,685 [WARN] ConditionMgr:438 - getConditionDescription Invalid condition id : UX DEVICE CLASS RTOS Condition cause : null
2024-11-16 03:36:03,687 [WARN] PackLoader:240 - Cannot read IP mode file for STMicroelectronics.X-CUBE-AZRTOS-WB.2.0.0
2024-11-16 03:36:03,688 [WARN] ConditionMgr:1039 - genDependencies : Invalid condition id : UX DEVICE CLASS RTOS Condition cause : null
2024-11-16 03:36:03,688 [WARN] ConditionMgr:1039 - genDependencies : Invalid condition id : UX DEVICE CLASS RTOS Condition cause : null
2024-11-16 03:36:03,688 [WARN] ConditionMgr:1039 - genDependencies : Invalid condition id : UX DEVICE CLASS RTOS Condition cause : null
2024-11-16 03:36:03,688 [WARN] ConditionMgr:1039 - genDependencies : Invalid condition id : UX DEVICE CLASS RTOS Condition cause : null
2024-11-16 03:36:03,688 [WARN] ConditionMgr:1039 - genDependencies : Invalid condition id : UX DEVICE CLASS RTOS Condition cause : null
2024-11-16 03:36:03,692 [WARN] PackLoader:240 - Cannot read IP mode file for STMicroelectronics.X-CUBE-GNSS1.7.0.0
2024-11-16 03:36:03,697 [WARN] PackLoader:240 - Cannot read IP mode file for STMicroelectronics.FP-SNS-STBOX1.2.0.0
2024-11-16 03:36:03,706 [WARN] PackLoader:240 - Cannot read IP mode file for STMicroelectronics.X-CUBE-SUBG2.5.0.0
2024-11-16 03:36:03,712 [WARN] PackLoader:240 - Cannot read IP mode file for Cesanta.I-CUBE-Mongoose.7.13.0
2024-11-16 03:36:03,723 [WARN] PackLoader:240 - Cannot read IP mode file for STMicroelectronics.X-CUBE-AZRTOS-G4.2.0.0
2024-11-16 03:36:03,728 [WARN] PackLoader:240 - Cannot read IP mode file for STMicroelectronics.X-CUBE-ALS.1.0.2
2024-11-16 03:36:03,730 [WARN] PackLoader:240 - Cannot read IP mode file for STMicroelectronics.X-CUBE-TOUCHGFX.4.24.1
2024-11-16 03:36:03,732 [WARN] PackLoader:240 - Cannot read IP mode file for wolfSSL.I-CUBE-wolfTPM.3.4.0
2024-11-16 03:36:03,735 [WARN] PackLoader:240 - Cannot read IP mode file for portGmbH.I-Cube-SoM-uGOAL.1.1.0
2024-11-16 03:36:03,748 [WARN] PackLoader:240 - Cannot read IP mode file for STMicroelectronics.X-CUBE-AZRTOS-H7RS.1.0.0
2024-11-16 03:36:03,753 [WARN] PackLoader:240 - Cannot read IP mode file for STMicroelectronics.FP-ATR-ASTRA1.2.0.0
2024-11-16 03:36:03,761 [WARN] PackLoader:240 - Cannot read IP mode file for STMicroelectronics.X-CUBE-TOF1.3.4.2
2024-11-16 03:36:03,787 [WARN] PackLoader:240 - Cannot read IP mode file for Infineon.AIROC-Wi-Fi-Bluetooth-STM32.1.6.1
2024-11-16 03:36:03,792 [WARN] PackLoader:240 - Cannot read IP mode file for wolfSSL.I-CUBE-wolfSSH.1.4.17
2024-11-16 03:36:03,793 [INFO] ThirdParty:978 - Integrity check success = true
2024-11-16 03:36:03,793 [INFO] IntegrityCheckThread:100 - exiting critical section [integrity check]
2024-11-16 03:36:03,793 [INFO] IntegrityCheckThread:103 - End integrity checks thread
2024-11-16 03:36:52,023 [ERROR] LogOutputStream:75 - [STDERR_REDIRECT] 
